2025-08-06 20:40:58 - Starting wallpaper cycling script
2025-08-06 20:40:58 - Detected wallpaper daemon: swww
2025-08-06 20:40:58 - Starting swww daemon
2025-08-06 20:41:01 - Set wallpaper using swww: stormlight-archive.png
2025-08-06 20:41:08 - Wallpaper cycling script terminated
2025-08-06 20:45:02 - Starting wallpaper cycling script
2025-08-06 20:45:02 - Detected wallpaper daemon: swww
2025-08-06 20:45:02 - Set wallpaper using swww: i-touch-this.jpg
2025-08-06 20:45:29 - Wallpaper cycling script terminated
2025-08-06 20:46:14 - Starting wallpaper cycling script
2025-08-06 20:46:14 - Detected wallpaper daemon: swww
2025-08-06 20:46:14 - Set wallpaper using swww: fox.png
2025-08-06 20:46:40 - Wallpaper cycling script terminated
2025-08-06 20:48:11 - 🎨 Starting wallpaper cycling (simple mode)
2025-08-06 20:48:11 - 📁 Directory: /home/dotbillu/Wallpapers/catpp-mocha-all
2025-08-06 20:48:11 - ⏱️  Interval: 600 seconds
2025-08-06 20:48:15 - ✓ Set wallpaper: windows-xp.jpg
2025-08-06 20:48:26 - 🛑 Wallpaper cycling stopped
2025-08-06 20:48:52 - 🎨 Starting wallpaper cycling (simple mode)
2025-08-06 20:48:52 - 📁 Directory: /home/dotbillu/Wallpapers/catpp-mocha-all
2025-08-06 20:48:52 - ⏱️  Interval: 600 seconds
2025-08-06 20:48:56 - ✓ Set wallpaper: dominik-mayer-10.jpg
20:55:19 - 🎨 Starting persistent wallpaper manager
20:55:19 - Starting swww daemon...
20:55:22 - ✅ Set: dominik-mayer-14.jpg
20:56:57 - 🎨 Starting persistent wallpaper manager
20:56:57 - Starting swww daemon...
20:57:00 - ✅ Set: voyager-5.jpg
20:57:03 - 🎨 Starting persistent wallpaper manager
20:57:03 - Starting swww daemon...
20:57:06 - ✅ Set: clouds-3.jpg
2025-08-06 20:58:58 - 🛑 Wallpaper cycling stopped
21:00:39 - 🎨 Starting persistent wallpaper manager
21:00:39 - Starting swww daemon...
21:00:42 - ✅ Set: knight-building.png
05:24:12 - 🎨 Starting persistent wallpaper manager
05:24:12 - Starting swww daemon...
05:24:15 - ✅ Set: disco.png
05:34:15 - ✅ Set: soft-rose.jpg
05:44:15 - ✅ Set: railroad-2.jpg
05:54:16 - ✅ Set: samurai.jpg
06:08:03 - 🎨 Starting persistent wallpaper manager
06:08:03 - ✅ Set: dominik-mayer-24.jpg
06:08:33 - 🛑 Wallpaper manager stopped
06:08:38 - 🎨 Starting persistent wallpaper manager
06:08:38 - ✅ Set: windows-xp.jpg
06:09:08 - 🛑 Wallpaper manager stopped
06:10:37 - 🎨 Starting persistent wallpaper manager
06:10:37 - Starting swww daemon...
06:10:40 - ✅ Set: satellite.png
06:20:40 - ✅ Set: oranges.jpg
06:30:40 - ✅ Set: gentlemen-sunset.png
06:40:40 - ✅ Set: flowers-8.jpg
06:47:44 - 🎨 Starting persistent wallpaper manager
06:47:44 - Starting swww daemon...
06:47:47 - ✅ Set: dominik-mayer-13.jpg
06:57:47 - ✅ Set: mage.jpg
07:07:47 - ✅ Set: marine-tunnel.jpg
07:17:47 - ✅ Set: dominik-mayer-1.jpg
07:27:48 - ✅ Set: van-chilling.png
07:37:48 - ✅ Set: misty-boat.jpg
07:47:48 - ✅ Set: soft-rose.jpg
07:55:37 - 🎨 Starting persistent wallpaper manager
07:55:37 - Starting swww daemon...
07:55:40 - ✅ Set: dominik-mayer-17.jpg
08:05:41 - ✅ Set: tree-stump.jpg
08:15:41 - ✅ Set: pixel-castle.png
08:25:41 - ✅ Set: river-city.jpg
08:35:41 - ✅ Set: voyager-21.jpg
08:45:41 - ✅ Set: touhou-lake.jpg
08:55:41 - ✅ Set: soft-rose.jpg
09:05:41 - ✅ Set: hollow-knight.png
09:15:42 - ✅ Set: kiwis.jpg
09:25:42 - ✅ Set: ruins.jpg
09:35:42 - ✅ Set: dark-forest.jpg
09:45:42 - ✅ Set: pistachio-tea.jpg
09:55:42 - ✅ Set: swirly-painting.jpg
09:58:48 - 🎨 Starting persistent wallpaper manager
09:58:48 - Starting swww daemon...
09:58:51 - ✅ Set: railroad-cat.png
10:08:51 - ✅ Set: jupiter.png
10:15:04 - 🎨 Starting persistent wallpaper manager
10:15:04 - Starting swww daemon...
10:15:07 - ✅ Set: kitty.jpg
10:23:48 - 🎨 Starting persistent wallpaper manager
10:23:48 - Starting swww daemon...
10:23:51 - ✅ Set: flowers-6.jpg
10:29:21 - 🎨 Starting persistent wallpaper manager
10:29:21 - Starting swww daemon...
10:29:24 - ✅ Set: touhou-lake.jpg
10:31:28 - 🎨 Starting persistent wallpaper manager
10:31:28 - Starting swww daemon...
10:31:31 - ✅ Set: swirly-painting.jpg
10:32:06 - 🎨 Starting persistent wallpaper manager
10:32:06 - Starting swww daemon...
10:32:09 - ✅ Set: dominik-mayer-4.jpg
10:34:28 - 🎨 Starting persistent wallpaper manager
10:34:28 - Starting swww daemon...
10:34:31 - ✅ Set: subway.jpg
10:44:02 - 🎨 Starting persistent wallpaper manager
10:44:02 - Starting swww daemon...
10:44:05 - ✅ Set: stormlight-archive.png
10:48:00 - 🎨 Starting persistent wallpaper manager
10:48:00 - Starting swww daemon...
10:48:03 - ✅ Set: cabin.png
10:53:59 - 🎨 Starting persistent wallpaper manager
10:53:59 - Starting swww daemon...
10:54:02 - ✅ Set: dominik-mayer-25.jpg
10:55:43 - 🎨 Starting persistent wallpaper manager
10:55:43 - Starting swww daemon...
10:55:46 - ✅ Set: orange.jpg
11:06:17 - 🎨 Starting persistent wallpaper manager
11:06:17 - Starting swww daemon...
11:06:20 - ✅ Set: night-forest-path.png
11:10:55 - 🎨 Starting persistent wallpaper manager
11:10:55 - Starting swww daemon...
11:10:58 - ✅ Set: old-computer.png
11:17:04 - 🎨 Starting persistent wallpaper manager
11:17:04 - Starting swww daemon...
11:17:07 - ✅ Set: flower.jpg
11:20:58 - 🎨 Starting persistent wallpaper manager
11:20:58 - Starting swww daemon...
11:21:01 - ✅ Set: cabin-2.jpg
11:31:01 - ✅ Set: dominik-mayer-11.jpg
11:41:02 - ✅ Set: kitty.jpg
11:49:28 - 🎨 Starting persistent wallpaper manager
11:49:28 - Starting swww daemon...
11:49:31 - ✅ Set: railroad-flowers.jpg
11:55:53 - 🎨 Starting persistent wallpaper manager
11:55:53 - Starting swww daemon...
11:55:56 - ✅ Set: flower.jpg
12:01:39 - 🎨 Starting persistent wallpaper manager
12:01:39 - Starting swww daemon...
12:01:43 - ✅ Set: pixel-castle.png
12:05:49 - 🎨 Starting persistent wallpaper manager
12:05:49 - Starting swww daemon...
12:05:52 - ✅ Set: flowers-6.jpg
12:11:49 - 🎨 Starting persistent wallpaper manager
12:11:49 - Starting swww daemon...
12:11:52 - ✅ Set: toast.png
12:17:42 - 🎨 Starting persistent wallpaper manager
12:17:42 - Starting swww daemon...
12:17:45 - ✅ Set: flowers-4.jpg
12:19:34 - 🎨 Starting persistent wallpaper manager
12:19:34 - Starting swww daemon...
12:19:37 - ✅ Set: biking-sunset.jpg
12:22:21 - 🎨 Starting persistent wallpaper manager
12:22:21 - Starting swww daemon...
12:22:24 - ✅ Set: flowers-12.jpg
12:24:16 - 🎨 Starting persistent wallpaper manager
12:24:16 - Starting swww daemon...
12:24:19 - ✅ Set: cat-in-clouds.png
12:25:08 - 🎨 Starting persistent wallpaper manager
12:25:08 - Starting swww daemon...
12:25:11 - ✅ Set: dominik-mayer-19.jpg
12:30:05 - 🎨 Starting persistent wallpaper manager
12:30:05 - Starting swww daemon...
12:30:08 - ✅ Set: flowers-20.jpg
12:39:13 - 🎨 Starting persistent wallpaper manager
12:39:13 - Starting swww daemon...
12:39:17 - ✅ Set: venice-market.png
12:43:20 - 🎨 Starting persistent wallpaper manager
12:43:20 - Starting swww daemon...
12:43:23 - ✅ Set: japan-alley.png
12:50:05 - 🎨 Starting persistent wallpaper manager
12:50:05 - Starting swww daemon...
12:50:08 - ✅ Set: waterfall.png
12:51:48 - 🎨 Starting persistent wallpaper manager
12:51:48 - Starting swww daemon...
12:51:52 - ✅ Set: clouds.png
12:59:52 - 🎨 Starting persistent wallpaper manager
12:59:52 - Starting swww daemon...
12:59:55 - ✅ Set: crane.png
13:02:38 - 🎨 Starting persistent wallpaper manager
13:02:38 - Starting swww daemon...
13:02:42 - ✅ Set: dominik-mayer-14.jpg
13:06:43 - 🎨 Starting persistent wallpaper manager
13:06:43 - Starting swww daemon...
13:06:46 - ✅ Set: wallhaven-vqoo1p.jpg
13:11:50 - 🎨 Starting persistent wallpaper manager
13:11:50 - Starting swww daemon...
13:11:53 - ✅ Set: wall.jpg
13:18:25 - 🎨 Starting persistent wallpaper manager
13:18:25 - Starting swww daemon...
13:18:28 - ✅ Set: dominik-mayer-17.jpg
13:21:37 - 🎨 Starting persistent wallpaper manager
13:21:37 - Starting swww daemon...
13:21:40 - ✅ Set: berries-2.jpg
13:31:40 - ✅ Set: zuchold-archtecture.jpg
13:41:40 - ✅ Set: dark-forest.jpg
13:51:40 - ✅ Set: subway.jpg
14:01:40 - ✅ Set: wallhaven-vqoo1p.jpg
14:15:54 - 🎨 Starting persistent wallpaper manager
14:15:54 - Starting swww daemon...
14:15:57 - ✅ Set: dominik-mayer-21.jpg
14:25:57 - ✅ Set: my-neighbor-totoro-sunflowers.png
14:35:57 - ✅ Set: hollow-knight.jpg
14:45:57 - ✅ Set: space.png
14:55:57 - ✅ Set: storm.jpg
15:05:57 - ✅ Set: crane.png
15:15:57 - ✅ Set: flowers-20.jpg
15:25:58 - ✅ Set: hollow-knight.png
15:35:58 - ✅ Set: city-horizon.jpg
15:45:58 - ✅ Set: rooftops.jpg
15:55:58 - ✅ Set: keyboard.png
16:05:58 - ✅ Set: fight.jpg
16:15:58 - ✅ Set: waterfall.png
21:51:05 - 🎨 Starting persistent wallpaper manager
21:51:05 - Starting swww daemon...
21:51:08 - ✅ Set: dominik-mayer-9.jpg
22:01:08 - ✅ Set: dominik-mayer-10.jpg
22:11:08 - ✅ Set: deer-glade.jpg
22:21:09 - ✅ Set: ice-cream.jpg
22:31:09 - ✅ Set: sunken-tower.png
22:41:09 - ✅ Set: pixel-earth.png
22:43:16 - 🎨 Starting persistent wallpaper manager
22:43:16 - Starting swww daemon...
22:43:19 - ✅ Set: old-computer.png
22:43:52 - 🎨 Starting persistent wallpaper manager
22:43:52 - Starting swww daemon...
22:43:55 - ✅ Set: pixel-alley.png
22:53:55 - ✅ Set: koi.jpg
23:03:55 - ✅ Set: voyager-18.jpg
23:13:55 - ✅ Set: sunken-tower.png
23:23:55 - ✅ Set: voyager-18.jpg
23:33:55 - ✅ Set: dominik-mayer-8.jpg
23:42:33 - 🎨 Starting persistent wallpaper manager
23:42:33 - Starting swww daemon...
23:42:36 - ✅ Set: dominik-mayer-1.jpg
23:44:17 - 🎨 Starting persistent wallpaper manager
23:44:17 - Starting swww daemon...
23:44:20 - ✅ Set: wallhaven-vqoo1p.jpg
23:54:20 - ✅ Set: danbo.jpg
00:04:20 - ✅ Set: clouds-3.png
00:14:20 - ✅ Set: pink-clouds.jpg
00:24:21 - ✅ Set: platform.jpg
00:34:21 - ✅ Set: voyager-16.jpg
00:44:21 - ✅ Set: flowers-1.jpg
00:54:21 - ✅ Set: diner-lonely-road.jpg
01:04:21 - ✅ Set: mountain-range.jpg
01:14:21 - ✅ Set: sword.jpg
01:24:21 - ✅ Set: artificial-valley.jpg
01:34:21 - ✅ Set: flowers-16.jpg
01:44:21 - ✅ Set: voyager-15.jpg
11:19:26 - 🎨 Starting persistent wallpaper manager
11:19:26 - Starting swww daemon...
11:19:29 - ✅ Set: kitchen.png
11:29:29 - ✅ Set: blueprint.png
11:29:43 - 🎨 Starting persistent wallpaper manager
11:29:43 - Starting swww daemon...
11:29:46 - ✅ Set: jellyfish.jpg
11:39:46 - ✅ Set: fumo-fumo.jpg
11:43:39 - 🎨 Starting persistent wallpaper manager
11:43:39 - Starting swww daemon...
11:43:42 - ✅ Set: link-click-1.png
11:53:42 - ✅ Set: dominik-mayer-13.jpg
12:03:43 - ✅ Set: street.png
12:12:50 - 🎨 Starting persistent wallpaper manager
12:12:50 - Starting swww daemon...
12:12:53 - ✅ Set: waves.png
12:20:56 - 🎨 Starting persistent wallpaper manager
12:20:56 - Starting swww daemon...
12:20:59 - ✅ Set: clouds.png
12:30:59 - ✅ Set: voyager-1.jpg
12:39:31 - 🎨 Starting persistent wallpaper manager
12:39:31 - Starting swww daemon...
12:39:34 - ✅ Set: voyager-12.jpg
12:43:02 - 🎨 Starting persistent wallpaper manager
12:43:02 - Starting swww daemon...
12:43:05 - ✅ Set: voyager-17.jpg
12:53:05 - ✅ Set: keyboard.png
13:03:05 - ✅ Set: sakura-aura.jpg
13:13:05 - ✅ Set: zuchold-archtecture.jpg
13:23:05 - ✅ Set: harbor.jpg
13:33:05 - ✅ Set: berries-2.jpg
13:43:05 - ✅ Set: wallhaven-vqoo1p.jpg
13:53:06 - ✅ Set: railroad-flowers.jpg
14:03:06 - ✅ Set: dominik-mayer-14.jpg
14:13:06 - ✅ Set: flowers-1.jpg
14:23:06 - ✅ Set: city.png
14:33:06 - ✅ Set: desolate-city-2.jpg
14:43:06 - ✅ Set: dominik-mayer-6.jpg
14:53:06 - ✅ Set: dominik-mayer-1.jpg
15:03:06 - ✅ Set: knight-templar.jpg
15:13:06 - ✅ Set: cottages-river.png
15:23:07 - ✅ Set: deer-glade.jpg
15:33:07 - ✅ Set: grassy-well.jpg
15:43:07 - ✅ Set: voxel-houses-monochrome.png
15:53:07 - ✅ Set: dominik-mayer-24.jpg
16:03:07 - ✅ Set: clouds.png
16:13:07 - ✅ Set: railroad-2.jpg
16:23:07 - ✅ Set: green-bridge.jpg
16:33:07 - ✅ Set: i-touch-this.jpg
16:43:07 - ✅ Set: pixel-reading.png
16:53:07 - ✅ Set: flying-boat.jpg
17:03:08 - ✅ Set: dark-star.jpg
17:13:08 - ✅ Set: corals-fish-underwater.jpg
17:23:08 - ✅ Set: dominik-mayer-5.jpg
17:33:08 - ✅ Set: kfc.jpg
17:43:08 - ✅ Set: voyager-18.jpg
17:53:08 - ✅ Set: blue-flowers.jpg
18:03:08 - ✅ Set: i-touch-this.jpg
18:13:08 - ✅ Set: railroad-horizon.png
18:23:08 - ✅ Set: flowers-12.jpg
18:33:08 - ✅ Set: koi.jpg
18:43:09 - ✅ Set: sunset.jpg
18:53:09 - ✅ Set: galaxy-waves.jpg
19:03:09 - ✅ Set: sword.jpg
19:13:09 - ✅ Set: city-horizon.jpg
19:23:09 - ✅ Set: flowers-18.jpg
19:33:09 - ✅ Set: harbor-3.png
19:43:09 - ✅ Set: nature-valley-1.jpg
19:53:09 - ✅ Set: wheat.png
20:03:09 - ✅ Set: snowy-train.jpg
20:13:09 - ✅ Set: clouds-2.png
20:23:10 - ✅ Set: railroad-2.jpg
20:33:10 - ✅ Set: fishing.jpg
20:53:57 - 🎨 Starting persistent wallpaper manager
20:53:57 - Starting swww daemon...
20:54:01 - ✅ Set: pixel-castle.png
21:04:01 - ✅ Set: droplets.png
21:07:56 - 🎨 Starting persistent wallpaper manager
21:07:56 - Starting swww daemon...
21:07:59 - ✅ Set: toast.png
21:10:55 - 🎨 Starting persistent wallpaper manager
21:10:55 - Starting swww daemon...
21:10:58 - ✅ Set: voyager-18.jpg
21:13:53 - 🎨 Starting persistent wallpaper manager
21:13:53 - Starting swww daemon...
21:13:56 - ✅ Set: flowers-6.jpg
21:15:04 - 🎨 Starting persistent wallpaper manager
21:15:04 - Starting swww daemon...
21:15:07 - ✅ Set: dominik-mayer-25.jpg
21:25:07 - ✅ Set: pixel-napping.png
21:35:07 - ✅ Set: dominik-mayer-24.jpg
21:45:07 - ✅ Set: galaxy-waves.jpg
21:46:53 - 🎨 Starting persistent wallpaper manager
21:46:53 - Starting swww daemon...
21:46:56 - ✅ Set: vibrant-gate.png
21:47:54 - 🎨 Starting persistent wallpaper manager
21:47:54 - Starting swww daemon...
21:47:57 - ✅ Set: winter-flowers.jpg
21:57:57 - ✅ Set: maji-no-tabitabi-3.jpg
22:07:58 - ✅ Set: wanderer.jpg
22:17:58 - ✅ Set: clouds.png
23:21:20 - ✅ Set: zuchold-archtecture.jpg
23:31:20 - ✅ Set: day-forest-path.png
23:41:20 - ✅ Set: pixel-castle.png
23:51:20 - ✅ Set: beach.jpg
00:01:20 - ✅ Set: toast.png
00:11:20 - ✅ Set: dino.jpg
00:21:20 - ✅ Set: clouds-5.jpg
00:31:21 - ✅ Set: knight-sit.png
00:41:21 - ✅ Set: harbor-3.png
00:51:21 - ✅ Set: pixel-earth.png
01:01:21 - ✅ Set: dominik-mayer-13.jpg
01:11:21 - ✅ Set: voyager-20.jpg
01:21:21 - ✅ Set: voyager-17.jpg
16:23:46 - 🎨 Starting persistent wallpaper manager
16:23:46 - Starting swww daemon...
16:23:49 - ✅ Set: dark-star.jpg
19:20:08 - 🎨 Starting persistent wallpaper manager
19:20:08 - Starting swww daemon...
22:00:59 - 🎨 Starting persistent wallpaper manager
22:00:59 - Starting swww daemon...
22:01:02 - ✅ Set: pixel-prairie.jpg
22:11:02 - ✅ Set: dominik-mayer-10.jpg
22:21:03 - ✅ Set: idk-tbh.png
22:31:03 - ✅ Set: rocket-schematics.jpg
22:41:03 - ✅ Set: harbor-3.png
22:51:03 - ✅ Set: dominik-mayer-8.jpg
23:01:03 - ✅ Set: kitchen.png
23:11:03 - ✅ Set: voyager-19.jpg
23:21:03 - ✅ Set: dominik-mayer-13.jpg
23:31:03 - ✅ Set: flowers-6.jpg
23:41:03 - ✅ Set: flowers-7.jpg
23:51:03 - ✅ Set: basement.jpg
00:01:03 - ✅ Set: blueprint.png
00:11:03 - ✅ Set: foggy-city.jpg
00:21:04 - ✅ Set: aesthetic.jpg
00:31:04 - ✅ Set: aesthetic.jpg
00:41:04 - ✅ Set: whale.jpg
00:51:04 - ✅ Set: dominik-mayer-13.jpg
16:29:43 - 🎨 Starting persistent wallpaper manager
16:29:43 - Starting swww daemon...
16:29:46 - ✅ Set: pistachio-tea.jpg
16:39:46 - ✅ Set: flowers-3.jpg
16:49:46 - ✅ Set: space-piano.png
16:59:46 - ✅ Set: van-chilling.png
17:09:46 - ✅ Set: serenity.jpg
17:19:46 - ✅ Set: tora.jpg
17:29:47 - ✅ Set: scifi.jpg
17:39:47 - ✅ Set: horizon-2.jpg
17:49:47 - ✅ Set: railroad-flowers.jpg
17:59:47 - ✅ Set: flying-comets-clouds.jpg
18:09:47 - ✅ Set: painting.jpg
18:19:47 - ✅ Set: ship-2.png
18:29:47 - ✅ Set: blue-kaiju.png
18:39:47 - ✅ Set: dino.jpg
18:49:47 - ✅ Set: pitstop.png
18:59:48 - ✅ Set: idk-tbh.png
19:09:48 - ✅ Set: dominik-mayer-16.jpg
19:19:48 - ✅ Set: flowers-1.jpg
19:29:48 - ✅ Set: pine.jpg
19:39:48 - ✅ Set: voyager-14.jpg
19:49:48 - ✅ Set: subway.jpg
19:59:48 - ✅ Set: cat-street.jpg
20:09:48 - ✅ Set: dominik-mayer-24.jpg
20:19:48 - ✅ Set: grassy-well.jpg
20:29:48 - ✅ Set: harbor-3.png
20:39:48 - ✅ Set: flowers-19.jpg
20:49:48 - ✅ Set: voyager-20.jpg
20:59:48 - ✅ Set: sousou-no-frieren-flowers.png
21:09:49 - ✅ Set: kitchen.png
21:19:49 - ✅ Set: voyager-8.jpg
21:29:49 - ✅ Set: cat-vibin.png
21:39:49 - ✅ Set: city.png
21:49:49 - ✅ Set: whale.jpg
21:59:49 - ✅ Set: one-legged-herdazian.jpg
22:09:49 - ✅ Set: space-piano.png
22:19:49 - ✅ Set: horizon.jpg
22:29:49 - ✅ Set: blueberries.jpg
22:39:49 - ✅ Set: sakura-aura.jpg
22:49:50 - ✅ Set: isekai.jpg
01:00:15 - ✅ Set: abstract-swirls.jpg
01:10:15 - ✅ Set: dominik-mayer-23.jpg
01:20:15 - ✅ Set: flowering-rain.png
01:30:15 - ✅ Set: basement.jpg
01:40:16 - ✅ Set: lighthouse.jpg
01:50:16 - ✅ Set: railroad-flowers.jpg
02:00:16 - ✅ Set: ship-2.png
09:58:49 - 🎨 Starting persistent wallpaper manager
09:58:49 - Starting swww daemon...
09:58:52 - ✅ Set: oranges.jpg
10:08:52 - ✅ Set: abstract-swirls.jpg
10:18:52 - ✅ Set: panes.jpg
10:28:52 - ✅ Set: biking-sunset.jpg
10:38:52 - ✅ Set: ruins.jpg
10:48:52 - ✅ Set: wallhaven-vqoo1p.jpg
10:58:52 - ✅ Set: grandfather-tree.jpg
11:04:30 - 🎨 Starting persistent wallpaper manager
11:04:31 - Starting swww daemon...
11:04:34 - ✅ Set: one-legged-herdazian.jpg
11:14:34 - ✅ Set: van-chilling.png
11:24:34 - ✅ Set: keyboard.png
11:34:34 - ✅ Set: lantern-light-room.png
11:44:34 - ✅ Set: lighthouse-2.png
11:54:34 - ✅ Set: dominik-mayer-11.jpg
12:04:34 - ✅ Set: atlantis.jpg
12:05:09 - 🎨 Starting persistent wallpaper manager
12:05:09 - Starting swww daemon...
12:05:13 - ✅ Set: sword.jpg
12:07:17 - 🎨 Starting persistent wallpaper manager
12:07:17 - Starting swww daemon...
12:07:20 - ✅ Set: dominik-mayer-7.jpg
12:23:19 - 🎨 Starting persistent wallpaper manager
12:23:19 - Starting swww daemon...
12:23:22 - ✅ Set: dominik-mayer-14.jpg
12:33:22 - ✅ Set: dominik-mayer-4.jpg
12:43:22 - ✅ Set: day-forest-path.png
12:53:22 - ✅ Set: voyager-3.jpg
13:03:22 - ✅ Set: flowering-rain.png
13:13:22 - ✅ Set: compass.jpg
13:23:22 - ✅ Set: dominik-mayer-21.jpg
13:33:22 - ✅ Set: voyager-15.jpg
13:43:22 - ✅ Set: flowers-6.jpg
13:53:23 - ✅ Set: girl-stars.png
14:03:23 - ✅ Set: clouds-2.png
14:13:23 - ✅ Set: space.png
14:23:23 - ✅ Set: rooftops.jpg
14:33:23 - ✅ Set: flower-field.jpg
14:43:23 - ✅ Set: dominik-mayer-5.jpg
14:53:23 - ✅ Set: voyager-1.jpg
15:03:23 - ✅ Set: cartoon-castle.png
15:13:23 - ✅ Set: dominik-mayer-1.jpg
15:23:24 - ✅ Set: foggy-city.jpg
15:33:24 - ✅ Set: voyager-5.jpg
15:43:24 - ✅ Set: sousou-no-frieren-flowers.png
15:53:24 - ✅ Set: voyager-13.jpg
16:03:24 - ✅ Set: flower.jpg
16:13:24 - ✅ Set: sunlit-ruins.png
16:23:24 - ✅ Set: green-bridge.jpg
16:33:24 - ✅ Set: danbo.jpg
16:43:24 - ✅ Set: voyager-15.jpg
16:53:25 - ✅ Set: space-piano.png
17:03:25 - ✅ Set: stall.jpg
17:13:25 - ✅ Set: foggy-city.jpg
17:23:25 - ✅ Set: nature-valley-1.jpg
17:33:25 - ✅ Set: degirled.png
17:43:25 - ✅ Set: knight-templar.jpg
17:53:25 - ✅ Set: gentlemen-sunset.png
18:03:26 - ✅ Set: diner-lonely-road.jpg
18:13:26 - ✅ Set: flying-boat.jpg
18:23:26 - ✅ Set: blueberries.jpg
18:33:26 - ✅ Set: stormlight-archive.png
18:43:26 - ✅ Set: clouds-2.png
18:53:26 - ✅ Set: kiwis.jpg
19:03:26 - ✅ Set: minimalist-black-hole.png
19:13:26 - ✅ Set: tree.jpg
19:23:26 - ✅ Set: harbor-3.png
19:33:27 - ✅ Set: painting.jpg
19:43:27 - ✅ Set: bunnies-road.png
19:53:27 - ✅ Set: voyager-18.jpg
20:03:27 - ✅ Set: touhou-house.jpg
20:13:27 - ✅ Set: vibrant-gate.png
20:23:27 - ✅ Set: dragon.jpg
20:33:27 - ✅ Set: mountain-range.jpg
20:43:27 - ✅ Set: flower-field.jpg
20:53:27 - ✅ Set: stall.jpg
21:03:28 - ✅ Set: flowers-12.jpg
21:13:28 - ✅ Set: city-harbor.png
21:23:28 - ✅ Set: flowers-21.png
21:33:28 - ✅ Set: cottages-river.png
21:43:28 - ✅ Set: voyager-15.jpg
21:53:29 - ✅ Set: zuchold-archtecture.jpg
22:03:29 - ✅ Set: voyager-15.jpg
22:13:29 - ✅ Set: serenity.jpg
22:23:29 - ✅ Set: city.png
22:33:29 - ✅ Set: blueprint.png
22:43:29 - ✅ Set: flowers-21.png
22:53:29 - ✅ Set: temple.jpg
23:03:29 - ✅ Set: horizon.jpg
23:13:30 - ✅ Set: main-street.png
23:23:30 - ✅ Set: street.png
23:33:30 - ✅ Set: flowers-12.jpg
13:13:06 - 🎨 Starting persistent wallpaper manager
13:13:06 - Starting swww daemon...
13:13:09 - ✅ Set: black-hole.png
13:23:09 - ✅ Set: dominik-mayer-14.jpg
13:33:09 - ✅ Set: snowflakes.jpg
13:43:09 - ✅ Set: voyager-3.jpg
13:53:09 - ✅ Set: greenbus.jpg
14:03:09 - ✅ Set: dominik-mayer-16.jpg
14:13:09 - ✅ Set: voyager-15.jpg
14:23:10 - ✅ Set: flowers-21.png
14:33:10 - ✅ Set: ship-2.png
14:43:10 - ✅ Set: grandfather-tree.jpg
14:53:10 - ✅ Set: dominik-mayer-5.jpg
15:03:10 - ✅ Set: sakura-gate.jpg
15:13:10 - ✅ Set: ruins.jpg
15:23:11 - ✅ Set: dragon.jpg
15:33:11 - ✅ Set: flowers-3.jpg
15:43:11 - ✅ Set: flowers-5.jpg
15:53:11 - ✅ Set: dark-waves.jpg
16:03:11 - ✅ Set: purpled-night.jpg
16:13:11 - ✅ Set: berries-1.jpg
16:23:11 - ✅ Set: jellyfish.jpg
16:33:11 - ✅ Set: crane.png
16:43:11 - ✅ Set: vibrant-gate.png
16:53:12 - ✅ Set: degirled.png
17:03:12 - ✅ Set: scifi.jpg
17:13:12 - ✅ Set: old-car.jpg
17:23:12 - ✅ Set: square-city.jpg
17:33:12 - ✅ Set: red-city.png
17:43:12 - ✅ Set: venice-market.png
17:53:12 - ✅ Set: galaxy-waves.jpg
18:03:12 - ✅ Set: dominik-mayer-1.jpg
18:13:13 - ✅ Set: grandfather-tree.jpg
18:23:13 - ✅ Set: dominik-mayer-19.jpg
18:33:13 - ✅ Set: eclipse.jpg
18:43:13 - ✅ Set: voxel-city.jpg
18:53:13 - ✅ Set: dark-star.jpg
19:03:13 - ✅ Set: cliff-path.jpg
19:13:13 - ✅ Set: voyager-14.jpg
19:23:13 - ✅ Set: dominik-mayer-4.jpg
19:33:13 - ✅ Set: berries-1.jpg
19:43:13 - ✅ Set: astronaut.png
19:53:13 - ✅ Set: lovely-summer.jpg
20:03:14 - ✅ Set: snowy-map.png
20:13:14 - ✅ Set: rocket-schematics.jpg
20:23:14 - ✅ Set: green-bridge.jpg
20:33:14 - ✅ Set: cartoon-castle.png
20:43:14 - ✅ Set: pine.jpg
20:53:14 - ✅ Set: sword.jpg
21:03:14 - ✅ Set: beach.jpg
21:13:14 - ✅ Set: dominik-mayer-16.jpg
21:23:14 - ✅ Set: knight-templar.jpg
21:33:14 - ✅ Set: dominik-mayer-5.jpg
21:43:14 - ✅ Set: tree-stump.jpg
21:53:15 - ✅ Set: biking-sunset.jpg
22:03:15 - ✅ Set: purpled-night.jpg
22:13:15 - ✅ Set: space.png
22:23:15 - ✅ Set: danbo.jpg
22:33:15 - ✅ Set: hollow-knight.jpg
22:43:15 - ✅ Set: wallhaven-vqoo1p.jpg
22:53:15 - ✅ Set: flowers-8.jpg
23:03:15 - ✅ Set: marine-tunnel.jpg
23:13:15 - ✅ Set: girl-stars.png
23:23:15 - ✅ Set: sakura-gate.jpg
23:33:16 - ✅ Set: math.png
23:43:16 - ✅ Set: voyager-21.jpg
23:53:16 - ✅ Set: cabin-2.jpg
00:03:16 - ✅ Set: pixel-alley.png
00:13:16 - ✅ Set: berries-2.jpg
00:15:47 - 🎨 Starting persistent wallpaper manager
00:15:47 - Starting swww daemon...
00:15:50 - ✅ Set: vibrant-gate.png
00:25:50 - ✅ Set: snowflakes.jpg
00:35:50 - ✅ Set: artificial-valley.jpg
00:45:51 - ✅ Set: south-pole.jpg
00:55:51 - ✅ Set: black-hole.png
01:05:51 - ✅ Set: knight-sit.png
01:15:51 - ✅ Set: compass.jpg
01:25:51 - ✅ Set: pizza.jpg
01:35:51 - ✅ Set: green-bridge.jpg
01:45:51 - ✅ Set: sword.jpg
11:31:02 - 🎨 Starting persistent wallpaper manager
11:31:02 - Starting swww daemon...
11:31:05 - ✅ Set: fight.jpg
11:41:05 - ✅ Set: blueberries.jpg
11:51:05 - ✅ Set: misty-boat.jpg
12:01:05 - ✅ Set: space.jpg
12:11:05 - ✅ Set: flowers-13.jpg
12:21:05 - ✅ Set: underwater-deep.jpg
12:31:06 - ✅ Set: flower-field.jpg
12:41:06 - ✅ Set: voxel-houses-monochrome.png
12:51:06 - ✅ Set: dominik-mayer-21.jpg
13:01:06 - ✅ Set: dominik-mayer-25.jpg
13:11:06 - ✅ Set: dwarf-saber.jpg
13:21:06 - ✅ Set: dominik-mayer-18.png
13:31:06 - ✅ Set: astronaut.png
13:41:06 - ✅ Set: lit-up-sky.png
13:51:07 - ✅ Set: cottages-river.png
14:01:07 - ✅ Set: serenity.jpg
14:11:07 - ✅ Set: pixel-earth.png
14:21:07 - ✅ Set: cabin-2.jpg
14:31:07 - ✅ Set: platform.jpg
14:41:07 - ✅ Set: voyager-10.jpg
14:51:07 - ✅ Set: touhou-lake.jpg
15:01:07 - ✅ Set: dominik-mayer-11.jpg
15:11:07 - ✅ Set: underwater-deep.jpg
15:21:07 - ✅ Set: red-city.png
15:31:07 - ✅ Set: railroad-flowers.jpg
15:41:08 - ✅ Set: dragon.jpg
15:51:08 - ✅ Set: kusuriya.png
16:01:08 - ✅ Set: clouds.png
16:11:08 - ✅ Set: trippy-purple.png
16:21:08 - ✅ Set: desolate-city-2.jpg
16:31:08 - ✅ Set: moon-beach.png
16:41:08 - ✅ Set: disco.png
16:51:08 - ✅ Set: dominik-mayer-10.jpg
17:01:09 - ✅ Set: compass.jpg
17:11:09 - ✅ Set: clouds.png
17:21:09 - ✅ Set: hollow-knight.png
17:31:09 - ✅ Set: droplets.png
17:41:09 - ✅ Set: stay-vigil-by-pndora.jpg
17:51:09 - ✅ Set: flowers-12.jpg
18:01:09 - ✅ Set: sakura-aura.jpg
18:11:09 - ✅ Set: dark-waves.jpg
18:21:09 - ✅ Set: voyager-10.jpg
18:31:09 - ✅ Set: mountain-range.jpg
18:41:09 - ✅ Set: voyager-10.jpg
18:51:09 - ✅ Set: tank.jpg
19:01:10 - ✅ Set: pompeii.png
19:11:10 - ✅ Set: abandoned-trainstation.jpg
19:21:10 - ✅ Set: snowflakes.jpg
19:31:10 - ✅ Set: panes.jpg
19:41:10 - ✅ Set: underwater-deep.jpg
19:51:10 - ✅ Set: flying-boat.jpg
20:01:10 - ✅ Set: sousou-no-frieren-flowers.png
20:11:10 - ✅ Set: math.png
20:21:10 - ✅ Set: cabin-2.jpg
20:31:10 - ✅ Set: linux-communism.jpg
20:41:10 - ✅ Set: sword.jpg
20:51:11 - ✅ Set: pixel-alley.png
21:01:11 - ✅ Set: voxel-houses-monochrome.png
21:11:11 - ✅ Set: flowers-9.jpg
21:21:11 - ✅ Set: street-4.png
21:31:11 - ✅ Set: blueprint.png
21:41:11 - ✅ Set: flowers-9.jpg
21:51:11 - ✅ Set: flowers-16.jpg
22:01:11 - ✅ Set: sunset.jpg
22:11:11 - ✅ Set: cat-vibin.png
22:21:12 - ✅ Set: touhou-lake.jpg
22:31:12 - ✅ Set: flying-boat.jpg
22:41:12 - ✅ Set: cabin-2.jpg
22:51:12 - ✅ Set: dominik-mayer-1.jpg
23:01:12 - ✅ Set: dark-waves.jpg
23:11:12 - ✅ Set: horizon.jpg
23:21:12 - ✅ Set: clouds-3.png
23:31:12 - ✅ Set: voyager-3.jpg
23:41:12 - ✅ Set: flowering-rain.png
23:51:12 - ✅ Set: city-horizon.jpg
00:01:12 - ✅ Set: dominik-mayer-14.jpg
00:11:12 - ✅ Set: maji-no-tabitabi-3.jpg
00:21:13 - ✅ Set: windows-xp.jpg
00:31:13 - ✅ Set: space-piano.png
00:41:13 - ✅ Set: cold-alley.png
00:51:13 - ✅ Set: stay-vigil-by-pndora.jpg
01:01:13 - ✅ Set: voyager-8.jpg
01:11:13 - ✅ Set: city-horizon.jpg
01:21:13 - ✅ Set: flowers-16.jpg
01:26:09 - 🛑 Wallpaper manager stopped
09:41:03 - 🎨 Starting persistent wallpaper manager
09:41:03 - Starting swww daemon...
09:41:06 - ✅ Set: dominik-mayer-19.jpg
09:51:06 - ✅ Set: desolate-city-2.jpg
10:01:07 - ✅ Set: pixel-car.png
10:11:07 - ✅ Set: sunset.jpg
10:21:07 - ✅ Set: flowers-13.jpg
10:31:07 - ✅ Set: dominik-mayer-23.jpg
10:41:07 - ✅ Set: oranges.jpg
10:51:07 - ✅ Set: cat-street.jpg
11:01:07 - ✅ Set: shrimp-fried-rice.jpg
11:11:07 - ✅ Set: fumo-fumo.jpg
11:21:08 - ✅ Set: flowers-20.jpg
11:31:08 - ✅ Set: link-click-1.png
11:41:08 - ✅ Set: moscow.jpg
11:51:08 - ✅ Set: dominik-mayer-10.jpg
12:01:08 - ✅ Set: flowers-7.jpg
12:11:08 - ✅ Set: dominik-mayer-24.jpg
13:16:01 - ✅ Set: jellyfish.jpg
13:26:01 - ✅ Set: japan-alley.png
13:36:01 - ✅ Set: blue-kaiju.png
13:46:01 - ✅ Set: dominik-mayer-19.jpg
13:56:02 - ✅ Set: wanderer.jpg
14:06:02 - ✅ Set: pixel-castle.png
14:16:02 - ✅ Set: kaiju.png
14:26:02 - ✅ Set: dark-forest.jpg
14:36:02 - ✅ Set: pixel-prairie.jpg
14:46:02 - ✅ Set: grassy-well.jpg
14:56:02 - ✅ Set: tree-stump.jpg
15:06:03 - ✅ Set: one-legged-herdazian.jpg
15:16:03 - ✅ Set: dominik-mayer-6.jpg
15:26:03 - ✅ Set: waves.png
15:36:03 - ✅ Set: ship-3.jpg
15:46:03 - ✅ Set: tree-stump.jpg
15:52:21 - 🎨 Starting persistent wallpaper manager
15:52:21 - Starting swww daemon...
15:52:24 - ✅ Set: beach.jpg
16:02:24 - ✅ Set: lit-up-sky.png
16:12:24 - ✅ Set: isekai.jpg
16:22:24 - ✅ Set: moscow.jpg
16:32:24 - ✅ Set: misty-boat.jpg
16:42:24 - ✅ Set: lovely-summer.jpg
16:52:24 - ✅ Set: blue-kaiju.png
17:02:24 - ✅ Set: voyager-15.jpg
17:12:24 - ✅ Set: oranges.jpg
17:22:25 - ✅ Set: misty-boat.jpg
17:32:25 - ✅ Set: jupiter.png
17:42:25 - ✅ Set: cold-alley.png
17:52:25 - ✅ Set: day-forest-path.png
18:02:25 - ✅ Set: haunted-house.jpg
18:12:25 - ✅ Set: isekai.jpg
18:22:25 - ✅ Set: dominik-mayer-12.jpg
18:32:25 - ✅ Set: artificial-valley.jpg
18:42:26 - ✅ Set: asian-village.png
18:52:26 - ✅ Set: flowers-15.jpg
19:02:26 - ✅ Set: artificial-valley.jpg
19:12:26 - ✅ Set: cabin-3.png
19:22:26 - ✅ Set: snowflakes.jpg
19:32:26 - ✅ Set: girl-stars.png
19:42:26 - ✅ Set: flowering-rain.png
19:52:26 - ✅ Set: toast.png
20:02:27 - ✅ Set: dragon.jpg
20:12:27 - ✅ Set: misty-boat.jpg
20:22:27 - ✅ Set: pixel-earth.png
20:32:27 - ✅ Set: fantasy-city.jpg
20:42:27 - ✅ Set: map.png
20:52:27 - ✅ Set: railroad-cat.png
21:02:27 - ✅ Set: c4-spring-sakura-sky.jpg
21:12:28 - ✅ Set: cartoon-castle.png
21:22:28 - ✅ Set: city.png
21:32:28 - ✅ Set: grandfather-tree.jpg
21:42:28 - ✅ Set: knight-building.png
21:52:28 - ✅ Set: dominik-mayer-11.jpg
22:02:28 - ✅ Set: dino.jpg
22:12:28 - ✅ Set: snowy-map.png
22:22:28 - ✅ Set: mountain-range.jpg
22:32:28 - ✅ Set: pistachio-tea.jpg
22:42:29 - ✅ Set: clouds-2.png
22:52:29 - ✅ Set: flowers-19.jpg
23:02:29 - ✅ Set: blueberries.jpg
23:12:29 - ✅ Set: purpled-night.jpg
23:22:29 - ✅ Set: pistachio-tea.jpg
23:32:29 - ✅ Set: maji-no-tabitabi-3.jpg
23:42:29 - ✅ Set: fantasy-city.jpg
23:52:29 - ✅ Set: train-station.jpg
00:02:29 - ✅ Set: pixel-reading.png
00:12:29 - ✅ Set: flower.jpg
00:22:29 - ✅ Set: voyager-9.jpg
00:32:30 - ✅ Set: scifi.jpg
00:42:30 - ✅ Set: flowers-5.jpg
00:52:30 - ✅ Set: pixel-reading.png
01:02:30 - ✅ Set: touhou-house.jpg
01:12:30 - ✅ Set: cloud-coffee.jpg
01:22:30 - ✅ Set: cartoon-castle.png
01:32:30 - ✅ Set: one-legged-herdazian.jpg
01:42:30 - ✅ Set: haunted-house.jpg
01:52:30 - ✅ Set: flowers-3.jpg
02:02:30 - ✅ Set: kaiju.png
02:12:30 - ✅ Set: genshin-landscape.png
02:22:31 - ✅ Set: platform.jpg
02:32:31 - ✅ Set: space.jpg
02:42:31 - ✅ Set: hollow-knight.png
02:52:31 - ✅ Set: basement.jpg
03:02:31 - ✅ Set: voxel-houses-monochrome.png
03:12:31 - ✅ Set: kaiju.png
03:22:31 - ✅ Set: snowy-train.jpg
03:32:31 - ✅ Set: railroad-cat.png
03:42:31 - ✅ Set: keyboard-2.png
03:52:31 - ✅ Set: pixel-napping.png
04:02:32 - ✅ Set: zuchold-archtecture.jpg
04:12:32 - ✅ Set: oranges.jpg
04:22:32 - ✅ Set: pixel-car.png
04:32:32 - ✅ Set: main-street.png
04:42:32 - ✅ Set: artificial-valley.jpg
04:52:32 - ✅ Set: city-harbor.png
05:02:32 - ✅ Set: dominik-mayer-4.jpg
05:06:31 - 🛑 Wallpaper manager stopped
11:33:41 - 🎨 Starting persistent wallpaper manager
11:33:41 - Starting swww daemon...
11:33:44 - ✅ Set: dark-star.jpg
11:43:44 - ✅ Set: flowers-6.jpg
11:53:44 - ✅ Set: mountain-range.jpg
12:03:44 - ✅ Set: haunted-house.jpg
12:13:44 - ✅ Set: voyager-20.jpg
12:23:44 - ✅ Set: flowers-11.jpg
12:33:44 - ✅ Set: flowers-5.jpg
12:43:44 - ✅ Set: koishi.jpg
12:53:44 - ✅ Set: math.png
13:03:45 - ✅ Set: pine.jpg
13:13:45 - ✅ Set: flying-comets-clouds.jpg
13:23:45 - ✅ Set: pompeii.png
13:33:45 - ✅ Set: dwarf-saber.jpg
13:43:45 - ✅ Set: night-forest-path.png
13:53:45 - ✅ Set: hollow-knight.png
14:03:45 - ✅ Set: old-computer.png
14:13:46 - ✅ Set: pixel-galaxy.png
14:23:46 - ✅ Set: pizza.jpg
14:33:46 - ✅ Set: astronaut.png
14:43:46 - ✅ Set: keyboard.png
14:53:46 - ✅ Set: flower-field-3.png
15:03:46 - ✅ Set: city-harbor.png
15:13:46 - ✅ Set: stormlight-archive.png
15:23:46 - ✅ Set: aesthetic.jpg
15:33:46 - ✅ Set: voyager-15.jpg
15:43:46 - ✅ Set: stormlight-archive.png
15:53:47 - ✅ Set: flowers-19.jpg
16:03:47 - ✅ Set: yohoho.jpg
16:13:47 - ✅ Set: voyager-17.jpg
16:23:47 - ✅ Set: cat-street.jpg
16:33:47 - ✅ Set: flowers-7.jpg
16:43:47 - ✅ Set: city-harbor.png
16:53:47 - ✅ Set: dominik-mayer-6.jpg
17:03:48 - ✅ Set: flowers-21.png
17:13:48 - ✅ Set: trolley.jpg
17:23:48 - ✅ Set: voyager-16.jpg
17:33:48 - ✅ Set: subway.jpg
17:43:48 - ✅ Set: degirled.png
17:53:48 - ✅ Set: flowers-21.png
18:03:49 - ✅ Set: dominik-mayer-1.jpg
18:13:49 - ✅ Set: soft-rose.jpg
18:23:49 - ✅ Set: flower-field-3.png
18:33:49 - ✅ Set: gentlemen-sunset.png
18:43:49 - ✅ Set: platform.jpg
18:53:49 - ✅ Set: zuchold-archtecture.jpg
19:03:49 - ✅ Set: maji-no-tabitabi-2.jpg
19:13:50 - ✅ Set: pixel-castle.png
19:23:50 - ✅ Set: pixel-napping.png
19:33:50 - ✅ Set: snowy-map.png
19:43:50 - ✅ Set: pixel-earth.png
19:53:50 - ✅ Set: kitty.jpg
20:03:50 - ✅ Set: orange.jpg
20:13:50 - ✅ Set: flowers-11.jpg
20:23:50 - ✅ Set: knight-templar.jpg
20:33:50 - ✅ Set: dominik-mayer-13.jpg
20:43:50 - ✅ Set: dominik-mayer-6.jpg
20:53:51 - ✅ Set: city.png
21:03:51 - ✅ Set: astronaut.png
21:13:51 - ✅ Set: flower-field-3.png
21:23:51 - ✅ Set: linux-communism.jpg
21:33:51 - ✅ Set: cool.jpg
21:43:51 - ✅ Set: lighthouse-2.png
21:53:51 - ✅ Set: gingerbread-house.jpg
22:03:51 - ✅ Set: space-piano.png
22:13:51 - ✅ Set: temple.jpg
22:23:52 - ✅ Set: blueprint.png
22:33:52 - ✅ Set: ship-2.png
22:43:52 - ✅ Set: road.jpg
22:53:52 - ✅ Set: blue-landscape.png
23:03:52 - ✅ Set: nature-valley-1.jpg
23:13:52 - ✅ Set: abandoned-trainstation.jpg
23:23:52 - ✅ Set: tree.jpg
23:33:52 - ✅ Set: city-horizon.jpg
23:43:53 - ✅ Set: pixel-galaxy.png
23:53:53 - ✅ Set: bluehour.jpg
00:03:53 - ✅ Set: isekai.jpg
00:13:53 - ✅ Set: girl-stars.png
00:23:53 - ✅ Set: marine-tunnel.jpg
00:33:53 - ✅ Set: voyager-2.jpg
00:43:53 - ✅ Set: castle.png
00:53:53 - ✅ Set: fight.jpg
01:03:53 - ✅ Set: eclipse.jpg
01:13:53 - ✅ Set: math.png
01:23:54 - ✅ Set: knight-templar.jpg
01:33:54 - ✅ Set: village-gate.jpg
01:43:54 - ✅ Set: flower-field-2.png
01:53:54 - ✅ Set: harbor.jpg
02:03:54 - ✅ Set: flowers-6.jpg
02:13:54 - ✅ Set: railroad-flowers.jpg
02:23:54 - ✅ Set: gentlemen-sunset.png
02:33:54 - ✅ Set: panes.jpg
02:43:54 - ✅ Set: harbor-3.png
02:53:54 - ✅ Set: idk-tbh.png
03:03:54 - ✅ Set: railroad-flowers.jpg
03:13:55 - ✅ Set: flowers-6.jpg
03:23:55 - ✅ Set: desolate-city.jpg
03:33:55 - ✅ Set: cabin-4.png
03:43:55 - ✅ Set: platform.jpg
03:53:55 - ✅ Set: dominik-mayer-26.jpg
04:03:55 - ✅ Set: japan-alley.png
04:13:55 - ✅ Set: flowers-18.jpg
11:29:11 - 🎨 Starting persistent wallpaper manager
11:29:11 - Starting swww daemon...
11:29:14 - ✅ Set: dominik-mayer-15.jpg
11:39:14 - ✅ Set: voyager-9.jpg
11:49:14 - ✅ Set: c4-spring-sakura-sky.jpg
11:59:14 - ✅ Set: corals-fish-underwater.jpg
12:09:14 - ✅ Set: dominik-mayer-25.jpg
12:19:15 - ✅ Set: main-street.png
12:29:15 - ✅ Set: city-horizon.jpg
12:39:15 - ✅ Set: flowers-3.jpg
12:49:15 - ✅ Set: abandoned-trainstation.jpg
12:59:15 - ✅ Set: beach.jpg
13:09:15 - ✅ Set: gentlemen-sunset.png
13:19:15 - ✅ Set: flowers-4.jpg
13:29:15 - ✅ Set: railroad-cat.png
13:39:16 - ✅ Set: biking-sunset.jpg
13:49:16 - ✅ Set: city-horizon.jpg
13:59:16 - ✅ Set: voyager-2.jpg
14:09:16 - ✅ Set: waves.png
14:19:16 - ✅ Set: city-harbor.png
14:29:16 - ✅ Set: girl-stars.png
14:39:16 - ✅ Set: flowers-8.jpg
14:49:16 - ✅ Set: horizon-2.jpg
14:59:16 - ✅ Set: kiwis.jpg
15:09:16 - ✅ Set: voyager-16.jpg
15:19:17 - ✅ Set: flowers-21.png
15:29:17 - ✅ Set: dark-waves.jpg
15:39:17 - ✅ Set: mountain-range.jpg
15:49:17 - ✅ Set: castle.png
15:59:17 - ✅ Set: blue-kaiju.png
16:09:17 - ✅ Set: scifi.jpg
16:19:17 - ✅ Set: gentlemen-sunset.png
16:29:18 - ✅ Set: vibrant-gate.png
16:39:18 - ✅ Set: pixel-car.png
16:49:18 - ✅ Set: flower.jpg
16:59:18 - ✅ Set: dominik-mayer-21.jpg
17:09:18 - ✅ Set: mushishi.jpg
17:19:18 - ✅ Set: flower-field-2.png
17:29:18 - ✅ Set: night-forest-path.png
17:39:18 - ✅ Set: desolate-city-2.jpg
17:49:18 - ✅ Set: flower-field.jpg
17:59:18 - ✅ Set: oversized-cat.jpg
18:09:18 - ✅ Set: coffee-shop.png
18:19:19 - ✅ Set: trippy-purple.png
18:29:19 - ✅ Set: pitstop.png
18:39:19 - ✅ Set: knight-sit.png
18:49:19 - ✅ Set: wall.jpg
18:59:19 - ✅ Set: one-legged-herdazian.jpg
19:09:19 - ✅ Set: voyager-15.jpg
19:19:19 - ✅ Set: flowers-10.jpg
19:29:19 - ✅ Set: foggy-city.jpg
19:39:20 - ✅ Set: call-it-a-day.jpg
19:49:20 - ✅ Set: night-forest-path.png
19:59:20 - ✅ Set: math.png
20:09:20 - ✅ Set: pine.jpg
20:19:20 - ✅ Set: tree-stump.jpg
20:29:20 - ✅ Set: flowers-9.jpg
20:39:20 - ✅ Set: voyager-21.jpg
20:49:20 - ✅ Set: foggy-city.jpg
20:59:20 - ✅ Set: pizza.jpg
21:09:20 - ✅ Set: oversized-cat.jpg
21:19:21 - ✅ Set: dominik-mayer-8.jpg
21:29:21 - ✅ Set: voyager-18.jpg
21:39:21 - ✅ Set: cloud-coffee.jpg
21:49:21 - ✅ Set: flowers-4.jpg
21:59:21 - ✅ Set: wallhaven-vqoo1p.jpg
22:09:21 - ✅ Set: voyager-3.jpg
22:19:21 - ✅ Set: dominik-mayer-19.jpg
22:29:21 - ✅ Set: majo-no-tabitabi.jpg
22:39:21 - ✅ Set: dominik-mayer-19.jpg
22:49:21 - ✅ Set: salty-suburban.jpg
22:59:21 - ✅ Set: desolate-city-2.jpg
23:09:21 - ✅ Set: corals-fish-underwater.jpg
23:19:22 - ✅ Set: dark-waves.jpg
23:29:22 - ✅ Set: wallhaven-vqoo1p.jpg
23:39:22 - ✅ Set: fantasy-city.jpg
23:49:22 - ✅ Set: blueberries.jpg
23:59:22 - ✅ Set: link-click-1.png
00:09:22 - ✅ Set: knight-templar.jpg
00:19:22 - ✅ Set: knight-building.png
00:29:22 - ✅ Set: south-pole.jpg
00:39:22 - ✅ Set: waves.png
00:49:22 - ✅ Set: beach-path.jpg
00:59:22 - ✅ Set: railroad-flowers.jpg
01:09:22 - ✅ Set: dominik-mayer-10.jpg
01:19:23 - ✅ Set: cabin.png
01:29:23 - ✅ Set: wanderer.jpg
01:39:23 - ✅ Set: pixel-alley.png
01:49:23 - ✅ Set: pompeii.png
01:59:23 - ✅ Set: cat-vibin.png
02:09:23 - ✅ Set: dominik-mayer-20.jpg
02:19:23 - ✅ Set: pine.jpg
02:29:23 - ✅ Set: sakura-trees-over-river.jpg
21:34:23 - 🎨 Starting persistent wallpaper manager
21:34:23 - Starting swww daemon...
21:34:26 - ✅ Set: voyager-21.jpg
21:44:26 - ✅ Set: cartoon-castle.png
21:54:27 - ✅ Set: marine-tunnel.jpg
22:04:27 - ✅ Set: south-pole.jpg
22:14:27 - ✅ Set: painting-standing.jpg
22:24:27 - ✅ Set: clouds-2.png
22:34:27 - ✅ Set: voyager-9.jpg
22:44:27 - ✅ Set: sword.jpg
22:54:27 - ✅ Set: clouds.png
23:04:27 - ✅ Set: voyager-4.jpg
23:14:27 - ✅ Set: cool.jpg
23:24:27 - ✅ Set: pixel-prairie.jpg
23:34:27 - ✅ Set: kaiju.png
11:14:36 - 🎨 Starting persistent wallpaper manager
11:14:36 - Starting swww daemon...
11:14:39 - ✅ Set: blueprint.png
11:24:39 - ✅ Set: dominik-mayer-8.jpg
11:34:39 - ✅ Set: sakura-gate.jpg
11:44:39 - ✅ Set: abstract-swirls.jpg
11:54:39 - ✅ Set: panes.jpg
12:04:39 - ✅ Set: city.png
12:14:40 - ✅ Set: flowers-1.jpg
12:24:40 - ✅ Set: purpled-night.jpg
12:34:40 - ✅ Set: cold-alley.png
12:44:40 - ✅ Set: dominik-mayer-15.jpg
12:54:40 - ✅ Set: city-harbor.png
13:04:40 - ✅ Set: majo-no-tabitabi.jpg
13:14:40 - ✅ Set: map.png
13:24:40 - ✅ Set: bars.jpg
13:34:40 - ✅ Set: misty-boat.jpg
13:44:40 - ✅ Set: dominik-mayer-4.jpg
13:54:41 - ✅ Set: berries-2.jpg
14:04:41 - ✅ Set: bsod.png
14:14:41 - ✅ Set: kitty.jpg
14:24:41 - ✅ Set: hollow.jpg
14:34:41 - ✅ Set: mountain-range.jpg
14:44:41 - ✅ Set: railroad-horizon.png
14:54:41 - ✅ Set: maji-no-tabitabi-3.jpg
15:04:41 - ✅ Set: voyager-5.jpg
15:14:41 - ✅ Set: genshin-landscape.png
15:24:41 - ✅ Set: girl-stars.png
15:34:41 - ✅ Set: plane-purple.png
15:44:42 - ✅ Set: ship-2.png
15:54:42 - ✅ Set: majo-no-tabitabi.jpg
16:02:41 - 🎨 Starting persistent wallpaper manager
16:02:41 - Starting swww daemon...
16:02:44 - ✅ Set: bsod.png
16:12:44 - ✅ Set: moon-beach.png
16:18:56 - 🎨 Starting persistent wallpaper manager
16:18:56 - Starting swww daemon...
16:18:59 - ✅ Set: flowers-10.jpg
16:28:59 - ✅ Set: railroad-horizon.png
16:29:57 - 🎨 Starting persistent wallpaper manager
16:29:57 - Starting swww daemon...
16:30:00 - ✅ Set: flower-branch.png
16:40:00 - ✅ Set: dominik-mayer-26.jpg
16:50:00 - ✅ Set: maji-no-tabitabi-2.jpg
17:00:00 - ✅ Set: subway.jpg
17:10:00 - ✅ Set: lovely-summer.jpg
17:20:00 - ✅ Set: voyager-11.jpg
17:30:00 - ✅ Set: flower-field-2.png
17:40:01 - ✅ Set: horizon-2.jpg
17:50:01 - ✅ Set: dino.jpg
18:00:01 - ✅ Set: voyager-17.jpg
18:10:01 - ✅ Set: car-1.png
18:20:01 - ✅ Set: cabin-4.png
18:30:01 - ✅ Set: flowers-3.jpg
18:40:01 - ✅ Set: my-neighbor-totoro-sunflowers.png
18:50:01 - ✅ Set: zuchold-archtecture.jpg
19:00:01 - ✅ Set: lighthouse-2.png
19:10:01 - ✅ Set: voyager-22.jpg
19:20:02 - ✅ Set: flowers-6.jpg
19:30:02 - ✅ Set: street.png
19:40:02 - ✅ Set: purpled-night.jpg
19:50:02 - ✅ Set: old-computer.png
20:00:02 - ✅ Set: voyager-1.jpg
20:10:02 - ✅ Set: rooftops.jpg
20:20:02 - ✅ Set: link-click-1.png
20:30:02 - ✅ Set: sunlit-ruins.png
20:40:02 - ✅ Set: windows-xp.jpg
20:50:02 - ✅ Set: voyager-4.jpg
21:00:03 - ✅ Set: square-city.jpg
21:10:03 - ✅ Set: wall.jpg
21:20:03 - ✅ Set: samurai.jpg
21:30:03 - ✅ Set: railroad-2.jpg
21:40:03 - ✅ Set: clouds-3.jpg
21:50:03 - ✅ Set: fishing.jpg
22:00:03 - ✅ Set: flowers-6.jpg
22:10:03 - ✅ Set: voxel-city.jpg
22:20:03 - ✅ Set: tora.jpg
22:30:03 - ✅ Set: stormlight-archive.png
22:40:04 - ✅ Set: rocket-schematics.jpg
22:50:04 - ✅ Set: windows-xp.jpg
23:00:04 - ✅ Set: toast.png
23:10:04 - ✅ Set: minimalist-black-hole.png
23:20:04 - ✅ Set: ship-2.png
23:30:04 - ✅ Set: gentlemen-sunset.png
23:40:04 - ✅ Set: maji-no-tabitabi-2.jpg
23:50:04 - ✅ Set: flowers-9.jpg
00:00:05 - ✅ Set: dino.jpg
00:10:05 - ✅ Set: voyager-6.jpg
10:55:45 - 🎨 Starting persistent wallpaper manager
10:55:45 - Starting swww daemon...
10:55:48 - ✅ Set: village-gate.jpg
11:05:49 - ✅ Set: pixel-reading.png
11:15:49 - ✅ Set: railroad-flowers.jpg
11:25:49 - ✅ Set: keyboard.png
11:35:49 - ✅ Set: knight-templar.jpg
11:45:49 - ✅ Set: crane.png
11:55:49 - ✅ Set: car-wreck.png
12:05:49 - ✅ Set: i-touch-this.jpg
12:15:49 - ✅ Set: south-pole.jpg
12:25:49 - ✅ Set: vibrant-gate.png
12:35:49 - ✅ Set: asian-village.png
12:45:49 - ✅ Set: dominik-mayer-16.jpg
12:55:50 - ✅ Set: blueberries.jpg
13:05:50 - ✅ Set: lantern-light-room.png
13:15:50 - ✅ Set: flowers-18.jpg
13:25:50 - ✅ Set: samurai.jpg
13:35:50 - ✅ Set: coffee-shop.png
13:45:50 - ✅ Set: voyager-15.jpg
13:55:50 - ✅ Set: dominik-mayer-19.jpg
14:05:50 - ✅ Set: majo-no-tabitabi.jpg
14:15:51 - ✅ Set: basement.jpg
14:25:51 - ✅ Set: flowers-21.png
14:35:51 - ✅ Set: cat-street.jpg
14:45:51 - ✅ Set: i-touch-this.jpg
14:55:51 - ✅ Set: toast.png
15:05:51 - ✅ Set: asian-village.png
15:15:51 - ✅ Set: knight-sit.png
15:25:51 - ✅ Set: horizon.jpg
15:35:52 - ✅ Set: panes.jpg
15:45:52 - ✅ Set: wheat.png
15:55:52 - ✅ Set: gingerbread-house.jpg
16:05:52 - ✅ Set: flowers-13.jpg
16:15:52 - ✅ Set: dark-forest.jpg
16:25:52 - ✅ Set: dominik-mayer-4.jpg
16:35:52 - ✅ Set: panes.jpg
16:45:52 - ✅ Set: fishing.jpg
16:55:52 - ✅ Set: voyager-14.jpg
17:05:53 - ✅ Set: hollow-knight.jpg
17:15:53 - ✅ Set: old-computer.png
17:25:53 - ✅ Set: sakura-gate.jpg
17:35:53 - ✅ Set: flower-field-2.png
17:45:53 - ✅ Set: flowers-6.jpg
17:55:53 - ✅ Set: maji-no-tabitabi-2.jpg
18:05:53 - ✅ Set: lantern-light-room.png
18:15:53 - ✅ Set: dino.jpg
18:25:53 - ✅ Set: compass.jpg
18:35:53 - ✅ Set: hollow-knight.png
18:45:54 - ✅ Set: dwarf-saber.jpg
18:55:54 - ✅ Set: cartoon-castle.png
19:05:54 - ✅ Set: touhou-lake.jpg
19:15:54 - ✅ Set: sunken-tower.png
19:25:54 - ✅ Set: kitty.jpg
19:35:54 - ✅ Set: flowers-16.jpg
19:45:54 - ✅ Set: city-on-water.jpg
19:55:54 - ✅ Set: old-car.jpg
20:05:55 - ✅ Set: pixel-galaxy.png
20:15:55 - ✅ Set: i-touch-this.jpg
20:25:55 - ✅ Set: cabin-2.jpg
20:35:55 - ✅ Set: cabin-2.jpg
20:45:55 - ✅ Set: soaring-off.jpg
20:55:55 - ✅ Set: wallhaven-vqoo1p.jpg
21:05:55 - ✅ Set: beach-path.jpg
21:15:55 - ✅ Set: space.png
21:25:55 - ✅ Set: cabin.png
21:35:56 - ✅ Set: dwarf-saber.jpg
21:45:56 - ✅ Set: voyager-4.jpg
21:55:56 - ✅ Set: storm.jpg
22:05:56 - ✅ Set: kitchen.png
22:15:56 - ✅ Set: hollow.jpg
22:25:56 - ✅ Set: foggy-city.jpg
22:35:56 - ✅ Set: compass.jpg
22:45:56 - ✅ Set: pixel-reading.png
22:55:56 - ✅ Set: mage.jpg
23:05:56 - ✅ Set: bunnies-road.png
23:15:57 - ✅ Set: dark-star.jpg
23:25:57 - ✅ Set: flowers-15.jpg
23:35:57 - ✅ Set: maji-no-tabitabi-3.jpg
23:45:57 - ✅ Set: keyboard-2.png
23:55:57 - ✅ Set: space.jpg
00:05:57 - ✅ Set: old-computer.png
00:15:57 - ✅ Set: sakura-gate.jpg
00:25:57 - ✅ Set: lighthouse.jpg
00:35:58 - ✅ Set: maji-no-tabitabi-2.jpg
00:45:58 - ✅ Set: flower.jpg
00:55:58 - ✅ Set: voyager-13.jpg
01:05:58 - ✅ Set: dominik-mayer-24.jpg
01:15:58 - ✅ Set: tree-stump.jpg
01:25:58 - ✅ Set: gingerbread-house.jpg
01:35:58 - ✅ Set: dominik-mayer-18.png
01:45:58 - ✅ Set: galaxy-waves.jpg
01:55:58 - ✅ Set: dominik-mayer-25.jpg
07:55:11 - 🎨 Starting persistent wallpaper manager
07:55:11 - Starting swww daemon...
07:55:14 - ✅ Set: jellyfish.jpg
07:55:47 - 🎨 Starting persistent wallpaper manager
07:55:47 - Starting swww daemon...
07:55:50 - ✅ Set: trippy-purple.png
07:56:09 - 🎨 Starting persistent wallpaper manager
07:56:09 - Starting swww daemon...
07:56:12 - ✅ Set: flowers-4.jpg
08:38:50 - 🎨 Starting persistent wallpaper manager
08:38:50 - Starting swww daemon...
08:38:53 - ✅ Set: cottages-river.png
08:47:16 - 🎨 Starting persistent wallpaper manager
08:47:16 - Starting swww daemon...
08:47:19 - ✅ Set: snowflakes.jpg
08:57:19 - ✅ Set: pixel-reading.png
09:07:19 - ✅ Set: sakura-trees-over-river.jpg
09:17:19 - ✅ Set: city-horizon.jpg
09:27:19 - ✅ Set: railroad-cat.png
09:37:19 - ✅ Set: voyager-3.jpg
09:47:20 - ✅ Set: dominik-mayer-11.jpg
09:57:20 - ✅ Set: dark-star.jpg
10:07:20 - ✅ Set: clouds-3.png
10:17:20 - ✅ Set: moscow.jpg
10:27:20 - ✅ Set: puffy-stars.jpg
10:37:20 - ✅ Set: voyager-19.jpg
10:47:20 - ✅ Set: panes.jpg
10:57:20 - ✅ Set: cabin-3.png
11:07:20 - ✅ Set: dominik-mayer-12.jpg
11:17:21 - ✅ Set: flowers-12.jpg
11:27:21 - ✅ Set: satellite.png
11:37:21 - ✅ Set: japan-alley.png
11:47:21 - ✅ Set: rocket-launch.jpg
11:57:21 - ✅ Set: mushishi.jpg
12:07:21 - ✅ Set: pompeii.png
12:17:21 - ✅ Set: basement.jpg
12:27:21 - ✅ Set: kaiju.png
12:37:21 - ✅ Set: pistachio-tea.jpg
12:47:22 - ✅ Set: dino.jpg
12:57:22 - ✅ Set: flying-boat.jpg
13:07:22 - ✅ Set: dominik-mayer-13.jpg
13:17:22 - ✅ Set: salty-suburban.jpg
13:27:22 - ✅ Set: stay-vigil-by-pndora.jpg
13:37:22 - ✅ Set: flower-branch.png
13:47:22 - ✅ Set: flowers-21.png
13:57:22 - ✅ Set: cold-alley.png
14:07:23 - ✅ Set: green-bridge.jpg
14:17:23 - ✅ Set: space-piano.png
14:27:23 - ✅ Set: dominik-mayer-11.jpg
14:37:23 - ✅ Set: c4-spring-sakura-sky.jpg
14:47:23 - ✅ Set: flowers-5.jpg
14:57:23 - ✅ Set: dominik-mayer-5.jpg
15:07:23 - ✅ Set: keyboard-2.png
15:17:23 - ✅ Set: city-harbor.png
15:27:23 - ✅ Set: japan-alley.png
15:37:24 - ✅ Set: voxel-houses-monochrome.png
15:47:24 - ✅ Set: pompeii.png
15:57:24 - ✅ Set: voyager-19.jpg
16:07:24 - ✅ Set: haunted-house.jpg
16:17:24 - ✅ Set: clouds-5.jpg
16:27:24 - ✅ Set: horizon-2.jpg
16:37:24 - ✅ Set: flower-field-3.png
16:47:24 - ✅ Set: horizon-2.jpg
16:57:24 - ✅ Set: danbo.jpg
17:07:24 - ✅ Set: grassy-well.jpg
17:17:25 - ✅ Set: rocket-launch.jpg
17:27:25 - ✅ Set: trippy-purple.png
17:37:25 - ✅ Set: voyager-22.jpg
17:47:25 - ✅ Set: pixel-castle.png
17:57:25 - ✅ Set: painting.jpg
18:07:25 - ✅ Set: snowy-train.jpg
18:17:25 - ✅ Set: pizza.jpg
18:27:26 - ✅ Set: gingerbread-house.jpg
18:37:26 - ✅ Set: dominik-mayer-6.jpg
18:47:26 - ✅ Set: i-touch-this.jpg
18:57:26 - ✅ Set: koishi.jpg
19:07:26 - ✅ Set: pompeii.png
19:17:26 - ✅ Set: ship-2.png
19:27:26 - ✅ Set: genshin-landscape.png
19:37:26 - ✅ Set: clouds-3.jpg
19:47:26 - ✅ Set: flowers-17.png
19:57:26 - ✅ Set: blue-kaiju.png
20:07:27 - ✅ Set: sunset.jpg
20:17:27 - ✅ Set: ship-2.png
20:27:27 - ✅ Set: flowers-1.jpg
13:11:48 - 🎨 Starting persistent wallpaper manager
13:11:48 - Starting swww daemon...
13:11:51 - ✅ Set: eclipse.jpg
13:21:51 - ✅ Set: voyager-17.jpg
13:31:51 - ✅ Set: harbor.jpg
13:41:51 - ✅ Set: flowers-3.jpg
13:51:52 - ✅ Set: railroad-cat.png
14:01:52 - ✅ Set: street.png
14:11:52 - ✅ Set: hollow.jpg
14:21:52 - ✅ Set: kiwis.jpg
14:31:52 - ✅ Set: jellyfish.jpg
14:41:52 - ✅ Set: cabin-2.jpg
14:51:52 - ✅ Set: asian-village.png
15:01:52 - ✅ Set: voyager-18.jpg
15:11:52 - ✅ Set: windows-xp.jpg
15:21:52 - ✅ Set: flowers-19.jpg
15:31:53 - ✅ Set: basement.jpg
15:41:53 - ✅ Set: desolate-city-2.jpg
15:51:53 - ✅ Set: dominik-mayer-24.jpg
16:01:53 - ✅ Set: ice-cream.jpg
16:11:53 - ✅ Set: bars.jpg
16:21:53 - ✅ Set: city-horizon.jpg
16:31:53 - ✅ Set: tower.png
16:41:53 - ✅ Set: blue-kaiju.png
16:51:53 - ✅ Set: cat-in-clouds.png
17:01:53 - ✅ Set: orange.jpg
17:11:53 - ✅ Set: space.jpg
17:21:54 - ✅ Set: pixel-napping.png
17:31:54 - ✅ Set: puffy-stars.jpg
17:41:54 - ✅ Set: oranges.jpg
17:51:54 - ✅ Set: serenity.jpg
18:01:54 - ✅ Set: flowers-16.jpg
18:11:54 - ✅ Set: cabin-2.jpg
18:21:54 - ✅ Set: 3d-model.jpg
18:31:54 - ✅ Set: voyager-4.jpg
18:41:54 - ✅ Set: kitchen.png
18:51:54 - ✅ Set: road.jpg
19:01:54 - ✅ Set: city-on-water.jpg
19:11:54 - ✅ Set: flowers-8.jpg
19:21:55 - ✅ Set: sunlit-ruins.png
19:31:55 - ✅ Set: painting-standing.jpg
19:41:55 - ✅ Set: street.png
19:51:55 - ✅ Set: ice-cream.jpg
20:01:55 - ✅ Set: basement.jpg
20:11:55 - ✅ Set: dark-forest.jpg
20:21:55 - ✅ Set: old-computer.png
20:31:55 - ✅ Set: pixel-castle.png
20:41:56 - ✅ Set: flowers-5.jpg
20:51:56 - ✅ Set: train-station.jpg
21:01:56 - ✅ Set: oranges.jpg
21:11:56 - ✅ Set: clouds-5.jpg
21:21:56 - ✅ Set: voyager-17.jpg
21:31:56 - ✅ Set: fumo-fumo.jpg
21:41:56 - ✅ Set: painting.jpg
21:51:56 - ✅ Set: ruins.jpg
22:01:56 - ✅ Set: cottages-river.png
22:11:57 - ✅ Set: astronaut.png
22:21:57 - ✅ Set: grassy-well.jpg
22:31:57 - ✅ Set: temple.jpg
22:41:57 - ✅ Set: fox.png
22:51:57 - ✅ Set: flower-field-2.png
23:01:57 - ✅ Set: serenity.jpg
23:11:57 - ✅ Set: pixel-car.png
23:21:57 - ✅ Set: blueberries.jpg
23:31:57 - ✅ Set: flower-branch.png
23:41:57 - ✅ Set: beach-path.jpg
23:51:58 - ✅ Set: deer-glade.jpg
00:01:58 - ✅ Set: city-harbor.png
00:11:58 - ✅ Set: ruins.jpg
00:21:58 - ✅ Set: cat-in-clouds.png
00:31:58 - ✅ Set: linux-communism.jpg
00:41:58 - ✅ Set: flowers-18.jpg
00:51:58 - ✅ Set: dark-forest.jpg
01:01:58 - ✅ Set: flowers-7.jpg
01:11:59 - ✅ Set: clouds.png
01:21:59 - ✅ Set: pixel-alley.png
01:31:59 - ✅ Set: galaxy-waves.jpg
01:41:59 - ✅ Set: winter-flowers.jpg
01:51:59 - ✅ Set: signal-enthusiast.jpg
02:01:59 - ✅ Set: voyager-5.jpg
02:11:59 - ✅ Set: voyager-10.jpg
02:21:59 - ✅ Set: space.jpg
02:31:59 - ✅ Set: underwater-deep.jpg
02:41:59 - ✅ Set: knight-building.png
02:52:00 - ✅ Set: pink-clouds.jpg
03:02:00 - ✅ Set: serenity.jpg
03:12:00 - ✅ Set: flower-field.jpg
11:19:45 - 🎨 Starting persistent wallpaper manager
11:19:45 - Starting swww daemon...
11:19:48 - ✅ Set: dark-forest.jpg
11:29:48 - ✅ Set: map.png
11:39:48 - ✅ Set: blueprint.png
11:49:49 - ✅ Set: flower-field.jpg
11:59:49 - ✅ Set: mushishi.jpg
12:09:49 - ✅ Set: flower-field.jpg
12:19:49 - ✅ Set: flower-field-3.png
12:29:49 - ✅ Set: road.jpg
12:39:49 - ✅ Set: isekai.jpg
12:49:49 - ✅ Set: voxel-city.jpg
12:59:49 - ✅ Set: dominik-mayer-15.jpg
13:09:49 - ✅ Set: sakura-gate.jpg
13:19:49 - ✅ Set: wall.jpg
13:29:49 - ✅ Set: voyager-16.jpg
13:39:49 - ✅ Set: mage.jpg
13:49:50 - ✅ Set: platform.jpg
13:59:50 - ✅ Set: fox.png
14:09:50 - ✅ Set: pixel-galaxy.png
14:19:50 - ✅ Set: dominik-mayer-25.jpg
14:29:50 - ✅ Set: beach.jpg
14:39:50 - ✅ Set: blue-landscape.png
14:49:50 - ✅ Set: gingerbread-house.jpg
14:59:51 - ✅ Set: 3d-model.jpg
15:09:51 - ✅ Set: cat-street.jpg
15:19:51 - ✅ Set: math.png
15:29:51 - ✅ Set: railroad-cat.png
15:39:51 - ✅ Set: rocket-launch.jpg
15:49:51 - ✅ Set: sushi.jpg
15:59:51 - ✅ Set: degirled.png
16:09:51 - ✅ Set: pink-clouds.jpg
16:19:52 - ✅ Set: trippy-purple.png
16:29:52 - ✅ Set: cartoon-castle.png
16:39:52 - ✅ Set: moscow.jpg
16:49:52 - ✅ Set: pistachio-tea.jpg
16:59:52 - ✅ Set: voyager-7.jpg
17:09:52 - ✅ Set: swirls.jpg
17:19:52 - ✅ Set: flowers-1.jpg
17:29:52 - ✅ Set: artificial-valley.jpg
17:39:52 - ✅ Set: bluehour.jpg
17:49:53 - ✅ Set: flowers-21.png
17:59:53 - ✅ Set: wall.jpg
18:09:53 - ✅ Set: plane-purple.png
18:19:53 - ✅ Set: waterfall.png
18:29:53 - ✅ Set: tower.png
18:39:53 - ✅ Set: street.png
18:49:53 - ✅ Set: snowy-map.png
18:59:53 - ✅ Set: voyager-18.jpg
19:09:53 - ✅ Set: dominik-mayer-15.jpg
19:19:53 - ✅ Set: voyager-13.jpg
19:29:54 - ✅ Set: math.png
19:39:54 - ✅ Set: misty-boat.jpg
19:49:54 - ✅ Set: flying-comets-clouds.jpg
19:59:54 - ✅ Set: voyager-21.jpg
20:09:54 - ✅ Set: paint.jpg
20:19:54 - ✅ Set: laundry.jpg
20:29:54 - ✅ Set: beach.jpg
20:39:54 - ✅ Set: sushi.jpg
20:49:54 - ✅ Set: flowers-10.jpg
20:59:54 - ✅ Set: voyager-7.jpg
21:09:54 - ✅ Set: voyager-5.jpg
21:19:55 - ✅ Set: bunnies-road.png
21:29:55 - ✅ Set: aesthetic.jpg
21:39:55 - ✅ Set: berries-1.jpg
21:49:55 - ✅ Set: sunlit-ruins.png
21:59:55 - ✅ Set: street-4.png
22:09:55 - ✅ Set: lighthouse-2.png
22:19:55 - ✅ Set: signal-enthusiast.jpg
22:29:55 - ✅ Set: dominik-mayer-1.jpg
22:39:55 - ✅ Set: laundry.jpg
22:49:55 - ✅ Set: ship-2.png
22:59:55 - ✅ Set: village-gate.jpg
23:09:56 - ✅ Set: pixel-galaxy.png
23:19:56 - ✅ Set: dominik-mayer-21.jpg
23:29:56 - ✅ Set: sushi.jpg
23:39:56 - ✅ Set: blue-landscape.png
23:49:56 - ✅ Set: dominik-mayer-22.jpg
23:59:56 - ✅ Set: wallhaven-vqoo1p.jpg
00:09:57 - ✅ Set: city-horizon.jpg
00:19:57 - ✅ Set: dominik-mayer-14.jpg
00:29:57 - ✅ Set: dragon.jpg
00:39:57 - ✅ Set: tora.jpg
00:49:57 - ✅ Set: flowers-5.jpg
00:59:57 - ✅ Set: tux-socialism.jpg
01:09:57 - ✅ Set: pixel-planet.png
01:19:57 - ✅ Set: city-horizon.jpg
01:29:57 - ✅ Set: tree-stump.jpg
01:39:57 - ✅ Set: voxel-city.jpg
01:49:58 - ✅ Set: dragon.jpg
01:59:58 - ✅ Set: panes.jpg
11:38:12 - 🎨 Starting persistent wallpaper manager
11:38:12 - Starting swww daemon...
11:38:15 - ✅ Set: c4-spring-sakura-sky.jpg
11:48:15 - ✅ Set: voyager-10.jpg
11:58:15 - ✅ Set: diner-lonely-road.jpg
12:08:16 - ✅ Set: dominik-mayer-24.jpg
12:18:16 - ✅ Set: snowy-train.jpg
12:28:16 - ✅ Set: castle.png
12:35:01 - 🎨 Starting persistent wallpaper manager
12:35:01 - Starting swww daemon...
12:35:04 - ✅ Set: sunset.jpg
12:45:05 - ✅ Set: moscow.jpg
12:55:05 - ✅ Set: sakura-aura.jpg
13:05:05 - ✅ Set: touhou-house.jpg
13:15:05 - ✅ Set: dominik-mayer-8.jpg
13:15:25 - 🎨 Starting persistent wallpaper manager
13:15:25 - Starting swww daemon...
13:15:28 - ✅ Set: voyager-13.jpg
13:25:29 - ✅ Set: windows-xp.jpg
13:35:29 - ✅ Set: voyager-16.jpg
13:45:29 - ✅ Set: dominik-mayer-10.jpg
13:55:29 - ✅ Set: dominik-mayer-10.jpg
14:05:29 - ✅ Set: voyager-18.jpg
14:15:29 - ✅ Set: flowers-2.jpg
14:25:29 - ✅ Set: cold-alley.png
14:35:29 - ✅ Set: space.png
14:45:29 - ✅ Set: painting.jpg
14:55:30 - ✅ Set: voyager-16.jpg
15:05:30 - ✅ Set: dominik-mayer-20.jpg
15:15:30 - ✅ Set: crane.png
15:25:30 - ✅ Set: hollow-knight.jpg
15:35:30 - ✅ Set: blueprint.png
15:45:30 - ✅ Set: corals-fish-underwater.jpg
15:55:30 - ✅ Set: dominik-mayer-13.jpg
16:05:30 - ✅ Set: voyager-17.jpg
16:15:30 - ✅ Set: voyager-12.jpg
16:25:30 - ✅ Set: horizon-2.jpg
16:35:30 - ✅ Set: waves.png
16:45:31 - ✅ Set: platform.jpg
16:55:31 - ✅ Set: black-hole.png
17:05:31 - ✅ Set: jupiter.png
17:15:31 - ✅ Set: dominik-mayer-20.jpg
17:25:31 - ✅ Set: tora.jpg
17:35:31 - ✅ Set: satellite.png
17:45:31 - ✅ Set: flowers-9.jpg
17:55:32 - ✅ Set: flower-branch.png
18:05:32 - ✅ Set: dark-star.jpg
18:15:32 - ✅ Set: voyager-10.jpg
18:25:32 - ✅ Set: car-1.png
18:35:32 - ✅ Set: my-neighbor-totoro-sunflowers.png
18:45:32 - ✅ Set: kfc.jpg
18:55:32 - ✅ Set: clouds-3.jpg
19:05:32 - ✅ Set: gentlemen-sunset.png
19:15:32 - ✅ Set: signal-enthusiast.jpg
19:25:33 - ✅ Set: dino.jpg
19:35:33 - ✅ Set: cabin.png
19:45:33 - ✅ Set: fishing.jpg
19:55:33 - ✅ Set: blueprint.png
20:05:33 - ✅ Set: flowers-14.jpg
20:15:33 - ✅ Set: lit-up-sky.png
20:25:33 - ✅ Set: deer-glade.jpg
20:35:33 - ✅ Set: sunset.jpg
20:45:33 - ✅ Set: gingerbread-house.jpg
20:55:33 - ✅ Set: dominik-mayer-17.jpg
21:05:34 - ✅ Set: mushishi.jpg
21:15:34 - ✅ Set: kusuriya.png
21:25:34 - ✅ Set: flowers-8.jpg
21:35:34 - ✅ Set: cottages-river.png
21:45:34 - ✅ Set: sunset.jpg
21:55:34 - ✅ Set: cat-in-clouds.png
22:05:34 - ✅ Set: 3d-model.jpg
00:37:28 - ✅ Set: touhou-house.jpg
00:47:28 - ✅ Set: old-computer.png
00:57:29 - ✅ Set: wheat.png
12:00:48 - 🎨 Starting persistent wallpaper manager
12:00:48 - Starting swww daemon...
12:00:52 - ✅ Set: clouds-3.png
12:10:52 - ✅ Set: berries-2.jpg
12:20:52 - ✅ Set: c4-spring-sakura-sky.jpg
12:30:52 - ✅ Set: railroad-cat.png
12:40:52 - ✅ Set: train-station.jpg
12:50:52 - ✅ Set: purple-horizon.jpg
13:00:52 - ✅ Set: beach.jpg
13:10:52 - ✅ Set: cabin-4.png
13:20:53 - ✅ Set: railroad-horizon.png
13:30:53 - ✅ Set: city.png
13:40:53 - ✅ Set: cold-alley.png
13:50:53 - ✅ Set: purpled-night.jpg
14:00:53 - ✅ Set: dominik-mayer-23.jpg
14:10:53 - ✅ Set: dominik-mayer-25.jpg
14:20:53 - ✅ Set: clearing.png
14:30:53 - ✅ Set: plane-purple.png
14:40:53 - ✅ Set: basement.jpg
14:50:53 - ✅ Set: sunlit-ruins.png
15:00:54 - ✅ Set: street.png
15:10:54 - ✅ Set: square-city.jpg
15:20:54 - ✅ Set: wanderer.jpg
15:30:54 - ✅ Set: flowers-10.jpg
15:40:54 - ✅ Set: samurai.jpg
15:50:54 - ✅ Set: voxel-city.jpg
16:00:54 - ✅ Set: oversized-cat.jpg
16:10:54 - ✅ Set: dominik-mayer-15.jpg
16:20:54 - ✅ Set: knights-radiant.jpg
16:30:55 - ✅ Set: flowers-2.jpg
16:40:55 - ✅ Set: beach-path.jpg
16:50:55 - ✅ Set: minimalist-black-hole.png
17:00:55 - ✅ Set: vibrant-gate.png
17:10:55 - ✅ Set: degirled.png
17:20:55 - ✅ Set: flowers-13.jpg
17:30:55 - ✅ Set: railroad-flowers.jpg
17:40:56 - ✅ Set: blue-flowers.jpg
17:50:56 - ✅ Set: flowers-18.jpg
18:00:56 - ✅ Set: minimalist-black-hole.png
18:10:56 - ✅ Set: windows-xp.jpg
18:20:56 - ✅ Set: cloud-coffee.jpg
18:30:56 - ✅ Set: dominik-mayer-19.jpg
18:40:56 - ✅ Set: black-hole.png
18:50:56 - ✅ Set: moon-beach.png
19:00:57 - ✅ Set: isekai.jpg
19:10:57 - ✅ Set: dino.jpg
19:20:57 - ✅ Set: astronaut.png
19:30:57 - ✅ Set: voyager-13.jpg
19:40:57 - ✅ Set: fox.png
19:50:57 - ✅ Set: koi.jpg
19:55:17 - 🎨 Starting persistent wallpaper manager
19:55:17 - Starting swww daemon...
19:55:20 - ✅ Set: sushi.jpg
20:05:20 - ✅ Set: tux-socialism.jpg
20:15:20 - ✅ Set: waterfall.png
20:25:20 - ✅ Set: dominik-mayer-1.jpg
20:35:20 - ✅ Set: bunnies-road.png
20:45:20 - ✅ Set: diner-lonely-road.jpg
20:55:20 - ✅ Set: flying-comets-clouds.jpg
21:05:20 - ✅ Set: dino.jpg
21:15:21 - ✅ Set: road.jpg
21:25:21 - ✅ Set: jellyfish.jpg
21:35:21 - ✅ Set: my-neighbor-totoro-sunflowers.png
21:45:21 - ✅ Set: lit-up-sky.png
21:55:21 - ✅ Set: desolate-city.jpg
22:05:21 - ✅ Set: voyager-3.jpg
22:15:21 - ✅ Set: gingerbread-house.jpg
22:25:21 - ✅ Set: linux-communism.jpg
22:35:21 - ✅ Set: soft-rose.jpg
22:45:21 - ✅ Set: tree-stump.jpg
22:55:21 - ✅ Set: flowers-12.jpg
23:05:21 - ✅ Set: flying-boat.jpg
23:15:22 - ✅ Set: wall.jpg
23:25:22 - ✅ Set: touhou-lake.jpg
23:35:22 - ✅ Set: city.png
23:45:22 - ✅ Set: voyager-9.jpg
23:55:22 - ✅ Set: flower-field-2.png
00:05:22 - ✅ Set: isekai.jpg
00:15:22 - ✅ Set: flowers-14.jpg
00:25:22 - ✅ Set: stall.jpg
22:42:01 - 🎨 Starting persistent wallpaper manager
22:42:01 - Starting swww daemon...
22:42:04 - ✅ Set: one-legged-herdazian.jpg
22:52:04 - ✅ Set: cottages-river.png
23:02:04 - ✅ Set: hollow-knight.jpg
23:12:04 - ✅ Set: flowers-7.jpg
23:22:04 - ✅ Set: dark-star.jpg
23:32:04 - ✅ Set: old-car.jpg
23:42:04 - ✅ Set: gentlemen-sunset.png
23:52:04 - ✅ Set: blue-kaiju.png
00:02:05 - ✅ Set: temple.jpg
00:12:05 - ✅ Set: pitstop.png
00:22:05 - ✅ Set: flying-comets-clouds.jpg
00:32:05 - ✅ Set: village-gate.jpg
00:42:05 - ✅ Set: tux-socialism.jpg
00:52:05 - ✅ Set: corals-fish-underwater.jpg
01:02:05 - ✅ Set: desolate-city-2.jpg
01:12:05 - ✅ Set: dominik-mayer-26.jpg
01:22:05 - ✅ Set: main-street.png
10:25:31 - 🎨 Starting persistent wallpaper manager
10:25:31 - Starting swww daemon...
10:25:34 - ✅ Set: oversized-cat.jpg
10:35:34 - ✅ Set: tree-stump.jpg
10:45:34 - ✅ Set: kaiju.png
10:55:34 - ✅ Set: blue-flowers.jpg
11:05:34 - ✅ Set: basement.jpg
11:15:34 - ✅ Set: dominik-mayer-18.png
11:25:34 - ✅ Set: girl-stars.png
11:35:34 - ✅ Set: my-neighbor-totoro-sunflowers.png
11:45:34 - ✅ Set: beach.jpg
11:55:34 - ✅ Set: pistachio-tea.jpg
12:05:35 - ✅ Set: galaxy-waves.jpg
12:15:35 - ✅ Set: pompeii.png
12:25:35 - ✅ Set: aesthetic.jpg
12:35:35 - ✅ Set: pixel-car.png
12:45:35 - ✅ Set: dark-forest.jpg
12:55:35 - ✅ Set: horizon-2.jpg
13:05:35 - ✅ Set: berries-1.jpg
13:15:35 - ✅ Set: berries-1.jpg
13:25:35 - ✅ Set: flower-field-3.png
13:35:35 - ✅ Set: tank.jpg
13:45:36 - ✅ Set: my-neighbor-totoro-sunflowers.png
13:55:36 - ✅ Set: bars.jpg
14:05:36 - ✅ Set: knight-templar.jpg
14:15:36 - ✅ Set: voyager-8.jpg
14:25:36 - ✅ Set: atlantis.jpg
14:35:36 - ✅ Set: greenbus.jpg
14:45:36 - ✅ Set: flowers-13.jpg
14:55:36 - ✅ Set: stall.jpg
15:05:36 - ✅ Set: misty-boat.jpg
15:15:36 - ✅ Set: fishing.jpg
15:25:37 - ✅ Set: winter-flowers.jpg
15:35:37 - ✅ Set: fantasy-city.jpg
15:45:37 - ✅ Set: day-forest-path.png
15:55:37 - ✅ Set: pixel-castle.png
16:05:37 - ✅ Set: space-piano.png
16:15:37 - ✅ Set: koi.jpg
16:16:25 - 🎨 Starting persistent wallpaper manager
16:16:25 - Starting swww daemon...
16:16:28 - ✅ Set: harbor-3.png
16:26:28 - ✅ Set: soft-rose.jpg
16:36:28 - ✅ Set: my-neighbor-totoro-sunflowers.png
16:46:28 - ✅ Set: gingerbread-house.jpg
16:56:28 - ✅ Set: artificial-valley.jpg
17:06:28 - ✅ Set: pizza.jpg
17:16:29 - ✅ Set: dominik-mayer-4.jpg
17:26:29 - ✅ Set: stormlight-archive.png
17:36:29 - ✅ Set: stormlight-archive.png
17:46:29 - ✅ Set: painting.jpg
17:56:29 - ✅ Set: dominik-mayer-9.jpg
18:06:29 - ✅ Set: pizza.jpg
18:16:29 - ✅ Set: foggy-city.jpg
18:26:29 - ✅ Set: call-it-a-day.jpg
18:36:29 - ✅ Set: cottages-river.png
18:46:29 - ✅ Set: tank.jpg
18:56:30 - ✅ Set: berries-1.jpg
19:06:30 - ✅ Set: flowers-6.jpg
19:16:30 - ✅ Set: rooftops.jpg
19:26:30 - ✅ Set: clouds.png
19:36:30 - ✅ Set: venice-market.png
19:46:30 - ✅ Set: dark-star.jpg
19:56:30 - ✅ Set: genshin-landscape.png
20:06:30 - ✅ Set: crane.png
20:16:30 - ✅ Set: fight.jpg
20:26:31 - ✅ Set: degirled.png
20:36:31 - ✅ Set: jupiter.png
20:46:31 - ✅ Set: salty-suburban.jpg
20:56:31 - ✅ Set: dominik-mayer-24.jpg
21:06:31 - ✅ Set: linux-communism.jpg
21:16:31 - ✅ Set: corals-fish-underwater.jpg
21:26:31 - ✅ Set: japan-alley.png
21:36:32 - ✅ Set: danbo.jpg
21:46:32 - ✅ Set: mushishi.jpg
21:56:32 - ✅ Set: soft-rose.jpg
22:06:32 - ✅ Set: pixel-car.png
22:16:32 - ✅ Set: trippy-purple.png
22:26:32 - ✅ Set: rocket-launch.jpg
22:36:32 - ✅ Set: flowers-5.jpg
22:46:32 - ✅ Set: space.png
22:56:32 - ✅ Set: nature-valley-2.jpg
23:06:32 - ✅ Set: snowy-train.jpg
23:16:33 - ✅ Set: blueberries.jpg
23:26:33 - ✅ Set: girl-stars.png
23:36:33 - ✅ Set: car-wreck.png
23:46:33 - ✅ Set: flowers-15.jpg
23:56:33 - ✅ Set: knights-radiant.jpg
00:06:33 - ✅ Set: subway.jpg
00:16:33 - ✅ Set: square-city.jpg
00:26:33 - ✅ Set: dark-star.jpg
00:36:33 - ✅ Set: pixel-napping.png
00:46:33 - ✅ Set: voyager-18.jpg
00:56:33 - ✅ Set: flowers-20.jpg
01:06:33 - ✅ Set: desolate-city-2.jpg
01:16:34 - ✅ Set: rocket-schematics.jpg
01:26:34 - ✅ Set: clouds-3.jpg
01:36:34 - ✅ Set: venice-market.png
01:46:34 - ✅ Set: salty-suburban.jpg
01:56:34 - ✅ Set: city-harbor.png
02:06:34 - ✅ Set: voyager-7.jpg
02:16:34 - ✅ Set: flower-branch.png
02:26:34 - ✅ Set: foggy-city.jpg
02:36:34 - ✅ Set: paint.jpg
02:46:34 - ✅ Set: berries-1.jpg
12:07:32 - 🎨 Starting persistent wallpaper manager
12:07:32 - Starting swww daemon...
12:07:35 - ✅ Set: blue-kaiju.png
12:17:35 - ✅ Set: railroad-2.jpg
12:27:35 - ✅ Set: nature-valley-2.jpg
12:37:35 - ✅ Set: flower-field-3.png
12:47:35 - ✅ Set: greenbus.jpg
12:57:35 - ✅ Set: flowers-5.jpg
13:07:35 - ✅ Set: pixel-earth.png
13:17:35 - ✅ Set: flowers-10.jpg
13:27:36 - ✅ Set: ship-3.jpg
13:37:36 - ✅ Set: soft-rose.jpg
13:47:36 - ✅ Set: storm.jpg
13:57:36 - ✅ Set: blue-flowers.jpg
14:07:36 - ✅ Set: lit-up-sky.png
14:17:36 - ✅ Set: kfc.jpg
14:27:36 - ✅ Set: knight-building.png
14:37:37 - ✅ Set: old-car.jpg
14:47:37 - ✅ Set: math.png
14:57:37 - ✅ Set: link-click-1.png
15:07:37 - ✅ Set: desolate-city-2.jpg
15:17:37 - ✅ Set: voyager-18.jpg
15:27:37 - ✅ Set: dominik-mayer-15.jpg
15:33:29 - 🎨 Starting persistent wallpaper manager
15:33:29 - Starting swww daemon...
15:33:32 - ✅ Set: voyager-7.jpg
15:43:32 - ✅ Set: pixel-napping.png
15:53:32 - ✅ Set: voyager-22.jpg
16:03:33 - ✅ Set: dominik-mayer-14.jpg
16:07:08 - 🎨 Starting persistent wallpaper manager
16:07:08 - Starting swww daemon...
16:07:11 - ✅ Set: japan-alley.png
16:17:11 - ✅ Set: moon-beach.png
16:27:11 - ✅ Set: kitty.jpg
17:03:15 - 🎨 Starting persistent wallpaper manager
17:03:15 - Starting swww daemon...
17:03:18 - ✅ Set: samurai.jpg
17:13:18 - ✅ Set: voyager-4.jpg
17:23:18 - ✅ Set: flowers-19.jpg
17:33:18 - ✅ Set: fishing.jpg
17:43:18 - ✅ Set: space-piano.png
17:53:19 - ✅ Set: stormlight-archive.png
18:03:19 - ✅ Set: foggy-city.jpg
18:13:19 - ✅ Set: sakura-gate.jpg
18:23:19 - ✅ Set: dominik-mayer-9.jpg
18:33:19 - ✅ Set: dark-forest.jpg
18:43:19 - ✅ Set: ship-3.jpg
18:53:19 - ✅ Set: soft-rose.jpg
19:03:19 - ✅ Set: minimalist-black-hole.png
19:13:19 - ✅ Set: cloud-coffee.jpg
19:23:20 - ✅ Set: pixel-car.png
19:33:20 - ✅ Set: disco.png
19:43:20 - ✅ Set: flowers-10.jpg
19:53:20 - ✅ Set: bluehour.jpg
20:03:20 - ✅ Set: swirls.jpg
20:13:20 - ✅ Set: pixel-planet.png
20:23:20 - ✅ Set: sunset.jpg
20:33:20 - ✅ Set: abstract-swirls.jpg
20:43:20 - ✅ Set: flowers-12.jpg
20:53:20 - ✅ Set: city-harbor.png
21:03:21 - ✅ Set: ship-3.jpg
21:13:21 - ✅ Set: zuchold-archtecture.jpg
21:23:21 - ✅ Set: voyager-21.jpg
21:33:21 - ✅ Set: blue-flowers.jpg
21:43:21 - ✅ Set: grassy-well.jpg
21:53:21 - ✅ Set: ice-cream.jpg
22:03:21 - ✅ Set: plane-purple.png
22:13:21 - ✅ Set: voyager-15.jpg
22:23:22 - ✅ Set: excalibur-lake.jpg
22:31:09 - 🎨 Starting persistent wallpaper manager
22:31:09 - Starting swww daemon...
22:31:12 - ✅ Set: voyager-12.jpg
22:41:13 - ✅ Set: voxel-houses-monochrome.png
22:51:13 - ✅ Set: grassy-well.jpg
23:01:13 - ✅ Set: flowers-14.jpg
23:11:13 - ✅ Set: kitchen.png
23:21:13 - ✅ Set: sushi.jpg
23:31:13 - ✅ Set: main-street.png
23:41:13 - ✅ Set: car-wreck.png
23:51:13 - ✅ Set: aesthetic.jpg
00:01:13 - ✅ Set: keyboard.png
00:11:13 - ✅ Set: platform.jpg
00:21:13 - ✅ Set: pistachio-tea.jpg
00:31:13 - ✅ Set: voyager-16.jpg
00:41:13 - ✅ Set: serenity.jpg
00:51:13 - ✅ Set: voyager-7.jpg
01:01:14 - ✅ Set: vibrant-gate.png
01:11:14 - ✅ Set: flowers-9.jpg
01:21:14 - ✅ Set: pizza.jpg
01:31:14 - ✅ Set: bsod.png
01:41:14 - ✅ Set: beach-path.jpg
01:51:14 - ✅ Set: voyager-5.jpg
02:01:14 - ✅ Set: kaiju.png
02:11:14 - ✅ Set: bars.jpg
02:21:14 - ✅ Set: lighthouse-2.png
02:31:14 - ✅ Set: oversized-cat.jpg
02:41:14 - ✅ Set: cloud-coffee.jpg
02:51:14 - ✅ Set: orange.jpg
03:01:15 - ✅ Set: castle.png
03:11:15 - ✅ Set: flowers-12.jpg
11:22:05 - 🎨 Starting persistent wallpaper manager
11:22:05 - Starting swww daemon...
11:22:08 - ✅ Set: pixel-planet.png
11:32:08 - ✅ Set: flowers-18.jpg
11:42:08 - ✅ Set: stall.jpg
11:52:08 - ✅ Set: dark-waves.jpg
12:02:08 - ✅ Set: grandfather-tree.jpg
12:12:08 - ✅ Set: flowering-rain.png
12:22:08 - ✅ Set: signal-enthusiast.jpg
12:32:08 - ✅ Set: knight-sit.png
12:42:08 - ✅ Set: voyager-18.jpg
12:52:09 - ✅ Set: cat-vibin.png
13:02:09 - ✅ Set: kitchen.png
13:12:09 - ✅ Set: pixel-reading.png
13:22:09 - ✅ Set: clouds-2.png
13:32:09 - ✅ Set: fox.png
13:42:09 - ✅ Set: cold-alley.png
13:52:09 - ✅ Set: flowers-17.png
14:02:09 - ✅ Set: fumo-fumo.jpg
14:12:09 - ✅ Set: flowers-8.jpg
15:02:50 - 🎨 Starting persistent wallpaper manager
15:02:50 - Starting swww daemon...
15:02:53 - ✅ Set: tree.jpg
15:12:53 - ✅ Set: flower-field-3.png
15:29:29 - 🎨 Starting persistent wallpaper manager
15:29:29 - Starting swww daemon...
15:29:32 - ✅ Set: cold-alley.png
15:39:32 - ✅ Set: dominik-mayer-11.jpg
15:49:32 - ✅ Set: street.png
15:59:32 - ✅ Set: math.png
16:09:32 - ✅ Set: math.png
16:52:09 - 🎨 Starting persistent wallpaper manager
16:52:09 - Starting swww daemon...
16:52:12 - ✅ Set: pistachio-tea.jpg
17:00:31 - 🎨 Starting persistent wallpaper manager
17:00:31 - Starting swww daemon...
17:00:34 - ✅ Set: horizon-2.jpg
17:01:04 - 🎨 Starting persistent wallpaper manager
17:01:04 - Starting swww daemon...
17:01:07 - ✅ Set: flowers-5.jpg
17:11:07 - ✅ Set: voyager-20.jpg
17:21:07 - ✅ Set: cliff-path.jpg
17:31:07 - ✅ Set: dominik-mayer-15.jpg
17:41:07 - ✅ Set: dominik-mayer-24.jpg
17:51:08 - ✅ Set: main-street.png
18:01:08 - ✅ Set: cabin-2.jpg
18:11:08 - ✅ Set: voyager-12.jpg
18:21:08 - ✅ Set: bsod.png
18:31:08 - ✅ Set: harbor-3.png
18:41:08 - ✅ Set: dominik-mayer-10.jpg
18:51:08 - ✅ Set: keyboard-2.png
19:01:08 - ✅ Set: blueprint.png
19:11:08 - ✅ Set: voyager-21.jpg
19:21:08 - ✅ Set: flowers-9.jpg
19:31:08 - ✅ Set: laundry.jpg
19:41:09 - ✅ Set: fumo-fumo.jpg
19:51:09 - ✅ Set: knights-radiant.jpg
20:01:09 - ✅ Set: nature-valley-1.jpg
20:11:09 - ✅ Set: sakura-trees-over-river.jpg
20:21:09 - ✅ Set: my-neighbor-totoro-sunflowers.png
20:31:09 - ✅ Set: flowers-13.jpg
20:41:09 - ✅ Set: soft-rose.jpg
20:51:09 - ✅ Set: car-1.png
21:01:09 - ✅ Set: flowers-16.jpg
21:11:09 - ✅ Set: purple-horizon.jpg
21:21:09 - ✅ Set: flowers-3.jpg
21:31:09 - ✅ Set: voyager-20.jpg
21:41:09 - ✅ Set: fox.png
21:51:10 - ✅ Set: voyager-9.jpg
22:01:10 - ✅ Set: red-city.png
22:11:10 - ✅ Set: pistachio-tea.jpg
22:21:10 - ✅ Set: cold-alley.png
22:31:10 - ✅ Set: flowers-10.jpg
22:41:10 - ✅ Set: fight.jpg
22:51:10 - ✅ Set: day-forest-path.png
23:01:10 - ✅ Set: subway.jpg
23:11:10 - ✅ Set: soaring-off.jpg
23:21:10 - ✅ Set: voyager-8.jpg
23:31:10 - ✅ Set: voyager-8.jpg
23:41:10 - ✅ Set: sunlit-ruins.png
23:51:10 - ✅ Set: snowy-map.png
00:01:10 - ✅ Set: bluehour.jpg
00:11:10 - ✅ Set: voyager-4.jpg
00:21:10 - ✅ Set: underwater-deep.jpg
00:31:11 - ✅ Set: railroad-cat.png
00:41:11 - ✅ Set: harbor.jpg
00:51:11 - ✅ Set: cabin-4.png
01:01:11 - ✅ Set: keyboard-2.png
01:11:11 - ✅ Set: dominik-mayer-2.jpg
01:21:11 - ✅ Set: van-chilling.png
01:31:11 - ✅ Set: soft-rose.jpg
01:41:11 - ✅ Set: flowers-19.jpg
01:51:11 - ✅ Set: kaiju.png
02:01:11 - ✅ Set: wheat.png
02:11:11 - ✅ Set: tower.png
02:21:12 - ✅ Set: voyager-15.jpg
02:31:12 - ✅ Set: salty-suburban.jpg
02:41:12 - ✅ Set: hollow-knight.jpg
02:51:12 - ✅ Set: car-wreck.png
03:01:12 - ✅ Set: voyager-10.jpg
03:03:15 - 🛑 Wallpaper manager stopped
12:00:43 - 🎨 Starting persistent wallpaper manager
12:00:43 - Starting swww daemon...
12:00:46 - ✅ Set: voyager-5.jpg
12:10:46 - ✅ Set: desolate-city.jpg
12:20:46 - ✅ Set: cat-vibin.png
12:30:46 - ✅ Set: temple.jpg
12:40:46 - ✅ Set: dominik-mayer-13.jpg
12:50:46 - ✅ Set: soft-rose.jpg
13:00:46 - ✅ Set: abstract-swirls.jpg
13:10:46 - ✅ Set: tree-stump.jpg
13:20:46 - ✅ Set: city-horizon.jpg
13:30:47 - ✅ Set: berries-1.jpg
13:40:47 - ✅ Set: beach-path.jpg
13:50:47 - ✅ Set: corals-fish-underwater.jpg
14:00:47 - ✅ Set: dominik-mayer-25.jpg
14:10:47 - ✅ Set: artificial-valley.jpg
14:20:47 - ✅ Set: panes.jpg
14:30:47 - ✅ Set: sunset.jpg
14:40:47 - ✅ Set: bunnies-road.png
14:50:47 - ✅ Set: main-street.png
15:00:47 - ✅ Set: voyager-15.jpg
15:10:47 - ✅ Set: dominik-mayer-13.jpg
15:20:47 - ✅ Set: pixel-earth.png
15:30:47 - ✅ Set: flowers-5.jpg
15:40:47 - ✅ Set: cat-vibin.png
15:50:47 - ✅ Set: paint.jpg
16:00:47 - ✅ Set: wallhaven-vqoo1p.jpg
16:10:48 - ✅ Set: tree-stump.jpg
16:20:48 - ✅ Set: 3d-model.jpg
16:30:48 - ✅ Set: dark-waves.jpg
16:40:48 - ✅ Set: flying-boat.jpg
16:50:48 - ✅ Set: city.png
17:00:48 - ✅ Set: trippy-purple.png
17:10:48 - ✅ Set: ruins.jpg
17:20:48 - ✅ Set: lightbulbs.jpg
17:30:48 - ✅ Set: knight-templar.jpg
17:40:48 - ✅ Set: cool.jpg
17:50:48 - ✅ Set: 3d-model.jpg
18:00:48 - ✅ Set: clouds-3.jpg
18:10:49 - ✅ Set: sunlit-ruins.png
18:20:49 - ✅ Set: c4-spring-sakura-sky.jpg
18:30:49 - ✅ Set: dominik-mayer-20.jpg
18:40:49 - ✅ Set: flowers-21.png
18:50:49 - ✅ Set: snowy-map.png
19:00:49 - ✅ Set: pixel-napping.png
19:10:49 - ✅ Set: platform.jpg
19:20:49 - ✅ Set: beach.jpg
19:30:49 - ✅ Set: signal-enthusiast.jpg
19:40:49 - ✅ Set: knight-templar.jpg
19:50:49 - ✅ Set: dark-star.jpg
20:00:49 - ✅ Set: dominik-mayer-4.jpg
20:10:50 - ✅ Set: cloud-coffee.jpg
20:20:50 - ✅ Set: mountain-range.jpg
20:30:50 - ✅ Set: link-click-1.png
20:40:50 - ✅ Set: vibrant-gate.png
20:50:50 - ✅ Set: fumo-fumo.jpg
21:00:50 - ✅ Set: waves.png
21:10:50 - ✅ Set: plane-purple.png
21:20:50 - ✅ Set: oranges.jpg
21:30:50 - ✅ Set: lovely-summer.jpg
21:40:50 - ✅ Set: dominik-mayer-7.jpg
21:50:50 - ✅ Set: pine.jpg
22:00:50 - ✅ Set: flowers-19.jpg
22:10:50 - ✅ Set: bars.jpg
22:20:51 - ✅ Set: samurai.jpg
22:30:51 - ✅ Set: blue-kaiju.png
22:40:51 - ✅ Set: blue-landscape.png
22:50:51 - ✅ Set: excalibur-lake.jpg
23:00:51 - ✅ Set: flowers-6.jpg
23:10:51 - ✅ Set: pompeii.png
23:20:51 - ✅ Set: vibrant-gate.png
23:30:51 - ✅ Set: flowers-9.jpg
23:40:51 - ✅ Set: paint.jpg
23:50:52 - ✅ Set: dominik-mayer-16.jpg
00:00:52 - ✅ Set: sunset.jpg
00:10:52 - ✅ Set: street-4.png
00:20:52 - ✅ Set: pizza.jpg
00:30:52 - ✅ Set: snowflakes.jpg
00:40:52 - ✅ Set: tora.jpg
00:50:52 - ✅ Set: cat-street.jpg
01:00:52 - ✅ Set: voyager-15.jpg
01:10:52 - ✅ Set: dominik-mayer-26.jpg
01:20:52 - ✅ Set: storm.jpg
18:15:17 - 🎨 Starting persistent wallpaper manager
18:15:17 - Starting swww daemon...
18:15:20 - ✅ Set: stormlight-archive.png
18:25:20 - ✅ Set: black-hole.png
18:35:20 - ✅ Set: flying-comets-clouds.jpg
18:45:20 - ✅ Set: dominik-mayer-2.jpg
18:55:20 - ✅ Set: green-bridge.jpg
19:05:20 - ✅ Set: dominik-mayer-8.jpg
19:15:20 - ✅ Set: mountain-range.jpg
19:25:20 - ✅ Set: swirly-painting.jpg
19:35:20 - ✅ Set: clouds-3.png
19:45:21 - ✅ Set: maji-no-tabitabi-2.jpg
19:55:21 - ✅ Set: genshin-landscape.png
20:05:21 - ✅ Set: stay-vigil-by-pndora.jpg
20:15:21 - ✅ Set: foggy-city.jpg
20:25:21 - ✅ Set: dominik-mayer-14.jpg
20:35:21 - ✅ Set: voyager-1.jpg
20:45:21 - ✅ Set: cabin-3.png
20:55:21 - ✅ Set: storm.jpg
21:05:21 - ✅ Set: majo-no-tabitabi.jpg
21:15:21 - ✅ Set: pink-clouds.jpg
21:25:21 - ✅ Set: voxel-houses-monochrome.png
21:35:21 - ✅ Set: danbo.jpg
21:45:21 - ✅ Set: dominik-mayer-17.jpg
21:55:21 - ✅ Set: horizon.jpg
22:05:22 - ✅ Set: clouds-2.png
22:15:22 - ✅ Set: kfc.jpg
22:25:22 - ✅ Set: jupiter.png
07:56:10 - ✅ Set: foggy-city.jpg
08:06:10 - ✅ Set: kiwis.jpg
08:16:10 - ✅ Set: flowers-1.jpg
08:26:10 - ✅ Set: voyager-1.jpg
08:36:10 - ✅ Set: night-forest-path.png
08:46:10 - ✅ Set: stormlight-archive.png
08:56:11 - ✅ Set: math.png
09:06:11 - ✅ Set: red-city.png
09:16:11 - ✅ Set: girl-stars.png
09:26:11 - ✅ Set: flowers-4.jpg
09:36:11 - ✅ Set: train-sideview.png
09:46:11 - ✅ Set: dominik-mayer-24.jpg
09:56:11 - ✅ Set: space.png
10:06:11 - ✅ Set: beach-path.jpg
10:16:11 - ✅ Set: stall.jpg
10:26:11 - ✅ Set: fumo-fumo.jpg
10:36:11 - ✅ Set: beach.jpg
10:46:11 - ✅ Set: day-forest-path.png
10:56:12 - ✅ Set: orange.jpg
11:06:12 - ✅ Set: mountain-range.jpg
11:16:12 - ✅ Set: lighthouse.jpg
11:26:12 - ✅ Set: flower.jpg
11:36:12 - ✅ Set: dominik-mayer-15.jpg
11:46:12 - ✅ Set: sword.jpg
11:56:12 - ✅ Set: blueprint.png
12:06:12 - ✅ Set: flowers-6.jpg
12:16:12 - ✅ Set: blue-kaiju.png
12:26:12 - ✅ Set: maji-no-tabitabi-2.jpg
12:36:12 - ✅ Set: voyager-14.jpg
12:46:12 - ✅ Set: dominik-mayer-9.jpg
12:56:12 - ✅ Set: rocket-schematics.jpg
13:06:12 - ✅ Set: dominik-mayer-18.png
13:16:13 - ✅ Set: road.jpg
13:26:13 - ✅ Set: old-car.jpg
13:36:13 - ✅ Set: subway.jpg
13:46:13 - ✅ Set: blue-landscape.png
13:56:13 - ✅ Set: scifi.jpg
14:06:13 - ✅ Set: lighthouse.jpg
14:16:13 - ✅ Set: flowers-9.jpg
14:26:13 - ✅ Set: flower-field.jpg
14:36:13 - ✅ Set: voyager-10.jpg
14:46:13 - ✅ Set: my-neighbor-totoro-sunflowers.png
14:56:14 - ✅ Set: cool.jpg
15:06:14 - ✅ Set: artificial-valley.jpg
15:16:14 - ✅ Set: space-piano.png
15:26:14 - ✅ Set: eclipse.jpg
15:36:14 - ✅ Set: platform.jpg
15:46:14 - ✅ Set: underwater-deep.jpg
15:56:14 - ✅ Set: voyager-10.jpg
16:06:14 - ✅ Set: my-neighbor-totoro-sunflowers.png
16:16:14 - ✅ Set: flowers-3.jpg
16:26:14 - ✅ Set: lit-up-sky.png
16:36:14 - ✅ Set: grassy-well.jpg
16:46:14 - ✅ Set: one-legged-herdazian.jpg
16:56:14 - ✅ Set: flower-field.jpg
17:06:15 - ✅ Set: railroad-flowers.jpg
17:16:15 - ✅ Set: wanderer.jpg
17:26:15 - ✅ Set: sakura-trees-over-river.jpg
17:36:15 - ✅ Set: tux-socialism.jpg
17:46:15 - ✅ Set: signal-enthusiast.jpg
17:56:15 - ✅ Set: kusuriya.png
18:06:15 - ✅ Set: blue-kaiju.png
18:16:15 - ✅ Set: waterfall.png
18:26:15 - ✅ Set: kfc.jpg
18:36:15 - ✅ Set: plane-purple.png
18:46:15 - ✅ Set: math.png
18:56:15 - ✅ Set: dominik-mayer-17.jpg
19:06:16 - ✅ Set: lighthouse.jpg
19:16:16 - ✅ Set: trippy-purple.png
19:26:16 - ✅ Set: cat-street.jpg
19:36:16 - ✅ Set: pink-clouds.jpg
19:46:16 - ✅ Set: kiwis.jpg
19:56:16 - ✅ Set: road.jpg
20:06:16 - ✅ Set: lighthouse-2.png
20:16:16 - ✅ Set: mage.jpg
20:26:16 - ✅ Set: voyager-16.jpg
20:36:16 - ✅ Set: clouds-3.jpg
20:46:16 - ✅ Set: voyager-22.jpg
20:56:16 - ✅ Set: flowering-rain.png
21:06:16 - ✅ Set: flowers-9.jpg
21:16:17 - ✅ Set: cat-vibin.png
21:26:17 - ✅ Set: black-hole.png
21:36:17 - ✅ Set: dominik-mayer-26.jpg
21:46:17 - ✅ Set: flower-field.jpg
21:56:17 - ✅ Set: train-station.jpg
22:06:17 - ✅ Set: dominik-mayer-20.jpg
22:16:17 - ✅ Set: grandfather-tree.jpg
22:26:17 - ✅ Set: tree.jpg
22:36:17 - ✅ Set: cat-street.jpg
22:46:17 - ✅ Set: soft-rose.jpg
22:56:17 - ✅ Set: mountain-range.jpg
23:06:17 - ✅ Set: dino.jpg
23:16:17 - ✅ Set: dominik-mayer-1.jpg
23:26:17 - ✅ Set: salty-suburban.jpg
23:36:18 - ✅ Set: minimalist-black-hole.png
23:46:18 - ✅ Set: beach-path.jpg
23:56:18 - ✅ Set: sunken-tower.png
00:06:18 - ✅ Set: clouds.png
00:16:18 - ✅ Set: flowers-5.jpg
00:26:18 - ✅ Set: sakura-gate.jpg
00:36:18 - ✅ Set: gentlemen-sunset.png
10:49:22 - 🎨 Starting persistent wallpaper manager
10:49:22 - Starting swww daemon...
10:49:26 - ✅ Set: puffy-stars.jpg
10:59:26 - ✅ Set: pistachio-tea.jpg
11:09:26 - ✅ Set: square-city.jpg
11:19:26 - ✅ Set: tree-stump.jpg
11:29:26 - ✅ Set: scifi.jpg
11:39:26 - ✅ Set: old-computer.png
11:49:26 - ✅ Set: hollow.jpg
11:59:26 - ✅ Set: flowers-14.jpg
12:09:26 - ✅ Set: map.png
12:19:26 - ✅ Set: voyager-5.jpg
12:29:26 - ✅ Set: plane-purple.png
12:39:26 - ✅ Set: horizon-2.jpg
12:49:27 - ✅ Set: pixel-castle.png
12:59:27 - ✅ Set: voyager-17.jpg
13:09:27 - ✅ Set: day-forest-path.png
13:19:27 - ✅ Set: cabin-3.png
13:29:27 - ✅ Set: abandoned-trainstation.jpg
13:39:27 - ✅ Set: clouds-3.jpg
13:49:27 - ✅ Set: cartoon-castle.png
13:59:27 - ✅ Set: dominik-mayer-9.jpg
14:09:27 - ✅ Set: cat-vibin.png
14:19:27 - ✅ Set: cottages-river.png
14:29:27 - ✅ Set: tora.jpg
14:39:28 - ✅ Set: cat-street.jpg
14:49:28 - ✅ Set: pink-clouds.jpg
14:59:28 - ✅ Set: tree-stump.jpg
15:09:28 - ✅ Set: voyager-18.jpg
15:19:28 - ✅ Set: degirled.png
15:29:28 - ✅ Set: scifi.jpg
15:39:28 - ✅ Set: horizon.jpg
15:49:28 - ✅ Set: voyager-8.jpg
15:59:28 - ✅ Set: rocket-launch.jpg
16:09:28 - ✅ Set: greenbus.jpg
16:19:28 - ✅ Set: voyager-18.jpg
16:29:28 - ✅ Set: greenbus.jpg
16:39:29 - ✅ Set: degirled.png
16:49:29 - ✅ Set: horizon.jpg
16:59:29 - ✅ Set: minimalist-black-hole.png
17:09:29 - ✅ Set: touhou-house.jpg
17:19:29 - ✅ Set: green-bridge.jpg
17:29:29 - ✅ Set: knight-sit.png
17:39:29 - ✅ Set: city-on-water.jpg
17:49:29 - ✅ Set: cold-alley.png
17:59:29 - ✅ Set: beach-path.jpg
18:09:29 - ✅ Set: painting.jpg
18:19:29 - ✅ Set: satellite.png
18:29:30 - ✅ Set: flowers-21.png
18:39:30 - ✅ Set: sunken-tower.png
18:49:30 - ✅ Set: dominik-mayer-4.jpg
18:59:30 - ✅ Set: minimalist-black-hole.png
19:09:30 - ✅ Set: dominik-mayer-2.jpg
19:19:30 - ✅ Set: pitstop.png
19:29:30 - ✅ Set: dark-star.jpg
19:39:30 - ✅ Set: dominik-mayer-19.jpg
19:49:30 - ✅ Set: link-click-1.png
19:59:30 - ✅ Set: tora.jpg
20:09:30 - ✅ Set: clouds-3.jpg
20:19:30 - ✅ Set: haunted-house.jpg
20:29:31 - ✅ Set: storm.jpg
20:39:31 - ✅ Set: south-pole.jpg
20:49:31 - ✅ Set: stall.jpg
20:59:31 - ✅ Set: sakura-trees-over-river.jpg
21:09:31 - ✅ Set: clouds-2.png
21:19:31 - ✅ Set: marine-tunnel.jpg
21:29:31 - ✅ Set: excalibur-lake.jpg
21:39:31 - ✅ Set: blue-landscape.png
21:49:31 - ✅ Set: flowers-4.jpg
21:59:31 - ✅ Set: dominik-mayer-22.jpg
22:09:31 - ✅ Set: lovely-summer.jpg
22:19:31 - ✅ Set: dominik-mayer-5.jpg
22:29:31 - ✅ Set: knight-building.png
22:39:32 - ✅ Set: swirly-painting.jpg
22:49:32 - ✅ Set: flowers-12.jpg
22:59:32 - ✅ Set: dark-waves.jpg
23:09:32 - ✅ Set: flower-branch.png
23:19:32 - ✅ Set: maji-no-tabitabi-2.jpg
23:29:32 - ✅ Set: tree-stump.jpg
23:39:32 - ✅ Set: blueprint.png
23:49:32 - ✅ Set: astronaut.png
23:59:32 - ✅ Set: lovely-summer.jpg
00:09:32 - ✅ Set: clouds-5.jpg
00:19:32 - ✅ Set: pixel-prairie.jpg
00:29:32 - ✅ Set: serenity.jpg
10:50:55 - ✅ Set: tree.jpg
11:00:55 - ✅ Set: kitty.jpg
11:10:55 - ✅ Set: touhou-house.jpg
11:20:55 - ✅ Set: flowers-7.jpg
11:30:55 - ✅ Set: main-street.png
